#
# There is insufficient memory for the Java Runtime Environment to continue.
# Native memory allocation (malloc) failed to allocate 32744 bytes for ChunkPool::allocate
# Possible reasons:
#   The system is out of physical RAM or swap space
#   The process is running with CompressedOops enabled, and the Java Heap may be blocking the growth of the native heap
# Possible solutions:
#   Reduce memory load on the system
#   Increase physical memory or swap space
#   Check if swap backing store is full
#   Decrease Java heap size (-Xmx/-Xms)
#   Decrease number of Java threads
#   Decrease Java thread stack sizes (-Xss)
#   Set larger code cache with -XX:ReservedCodeCacheSize=
#   JVM is running with Unscaled Compressed Oops mode in which the Java heap is
#     placed in the first 4GB address space. The Java Heap base address is the
#     maximum limit for the native heap growth. Please use -XX:HeapBaseMinAddress
#     to set the Java Heap base and to place the Java Heap above 4GB virtual address.
# This output file may be truncated or incomplete.
#
#  Out of Memory Error (./src/hotspot/share/memory/arena.cpp:81), pid=3668, tid=2244
#
# JRE version: OpenJDK Runtime Environment (11.0.13) (build 11.0.13+0-b1751.21-8125866)
# Java VM: OpenJDK 64-Bit Server VM (11.0.13+0-b1751.21-8125866, mixed mode, tiered, compressed oops, g1 gc, windows-amd64)
# No core dump will be written. Minidumps are not enabled by default on client versions of Windows
#

---------------  S U M M A R Y ------------

Command Line: --add-opens=java.base/java.util=ALL-UNNAMED --add-opens=java.base/java.lang=ALL-UNNAMED --add-opens=java.base/java.lang.invoke=ALL-UNNAMED --add-opens=java.base/java.util=ALL-UNNAMED --add-opens=java.prefs/java.util.prefs=ALL-UNNAMED --add-opens=java.prefs/java.util.prefs=ALL-UNNAMED --add-opens=java.base/java.nio.charset=ALL-UNNAMED --add-opens=java.base/java.net=ALL-UNNAMED --add-opens=java.base/java.util.concurrent.atomic=ALL-UNNAMED -Xmx1536M -Dfile.encoding=windows-1252 -Duser.country=US -Duser.language=en -Duser.variant org.gradle.launcher.daemon.bootstrap.GradleDaemon 7.5

Host: 11th Gen Intel(R) Core(TM) i5-1135G7 @ 2.40GHz, 8 cores, 7G,  Windows 11 , 64 bit Build 22621 (10.0.22621.1344)
Time: Sun Mar 26 23:54:55 2023 SE Asia Standard Time elapsed time: 33.622317 seconds (0d 0h 0m 33s)

---------------  T H R E A D  ---------------

Current thread (0x00000161aa246800):  JavaThread "C2 CompilerThread0" daemon [_thread_in_native, id=2244, stack(0x00000055d4200000,0x00000055d4300000)]


Current CompileTask:
C2:  33622 11492       4       org.gradle.internal.logging.text.AbstractLineChoppingStyledTextOutput$1::execute (9 bytes)

Stack: [0x00000055d4200000,0x00000055d4300000]
Native frames: (J=compiled Java code, j=interpreted, Vv=VM code, C=native code)
V  [jvm.dll+0x6100fa]
V  [jvm.dll+0x747090]
V  [jvm.dll+0x7486ad]
V  [jvm.dll+0x748d83]
V  [jvm.dll+0x24ab48]
V  [jvm.dll+0xc075b]
V  [jvm.dll+0xc0a0c]
V  [jvm.dll+0x3644c6]
V  [jvm.dll+0x363d41]
V  [jvm.dll+0x363d84]
V  [jvm.dll+0x507db4]
V  [jvm.dll+0x5087d9]
V  [jvm.dll+0x32b862]
V  [jvm.dll+0x32ad2a]
V  [jvm.dll+0x2032b2]
V  [jvm.dll+0x202437]
V  [jvm.dll+0x188e01]
V  [jvm.dll+0x21106b]
V  [jvm.dll+0x20f8c1]
V  [jvm.dll+0x70de0f]
V  [jvm.dll+0x706a75]
V  [jvm.dll+0x60ed66]
C  [ucrtbase.dll+0x29363]
C  [KERNEL32.DLL+0x126bd]
C  [ntdll.dll+0x5a9f8]


---------------  P R O C E S S  ---------------

Threads class SMR info:
_java_thread_list=0x00000161b363f090, length=135, elements={
0x000001619108e000, 0x00000161aa221800, 0x00000161aa22b800, 0x00000161aa23f000,
0x00000161aa240000, 0x00000161aa241000, 0x00000161aa246800, 0x00000161aa248800,
0x00000161aa24a000, 0x00000161aacff800, 0x00000161aca38800, 0x00000161ac51b000,
0x00000161ab1ef800, 0x00000161ac6df000, 0x00000161abbe0800, 0x00000161acf73000,
0x00000161acb5c800, 0x00000161ac187800, 0x00000161ab8b7000, 0x00000161aca14000,
0x00000161aca15800, 0x00000161aca16800, 0x00000161aca14800, 0x00000161aed5e000,
0x00000161aed5d000, 0x00000161aed63000, 0x00000161aed5e800, 0x00000161aed5f800,
0x00000161aed61000, 0x00000161aed64800, 0x00000161aed65800, 0x00000161aed60800,
0x00000161aed67000, 0x00000161aed68800, 0x00000161aed69800, 0x00000161aed63800,
0x00000161aed6b000, 0x00000161aed6c000, 0x00000161aed6a000, 0x00000161b07e0000,
0x00000161b07dd800, 0x00000161b07dc000, 0x00000161b07db000, 0x00000161b07dd000,
0x00000161b07de800, 0x00000161b07df000, 0x00000161b07da800, 0x00000161b07e1000,
0x00000161b07e6000, 0x00000161b07e6800, 0x00000161b07e7800, 0x00000161b07e1800,
0x00000161b07e3800, 0x00000161b07e8000, 0x00000161b07e2800, 0x00000161b07e9000,
0x00000161b07e4000, 0x00000161b07e5000, 0x00000161ad830800, 0x00000161ad833800,
0x00000161ad82f800, 0x00000161ad82e800, 0x00000161ad834800, 0x00000161ad835000,
0x00000161ad832000, 0x00000161ad831000, 0x00000161ad833000, 0x00000161b1eea000,
0x00000161b1eeb000, 0x00000161b1ee7800, 0x00000161b1ee7000, 0x00000161b1ee8800,
0x00000161b1ee9800, 0x00000161b1eec000, 0x00000161b1ee6000, 0x00000161b1eec800,
0x00000161afc16800, 0x00000161afc19000, 0x00000161afc1b800, 0x00000161afc1a000,
0x00000161afc15800, 0x00000161afc17800, 0x00000161afc1a800, 0x00000161afc1d000,
0x00000161afc1e000, 0x00000161afc18000, 0x00000161afc1e800, 0x00000161afc1c000,
0x00000161afc1f800, 0x00000161afc23800, 0x00000161afc21000, 0x00000161afc24800,
0x00000161afc20800, 0x00000161afc22000, 0x00000161afc22800, 0x00000161afc37800,
0x00000161afc38000, 0x00000161afc3a800, 0x00000161afc3b800, 0x00000161afc36800,
0x00000161afc39000, 0x00000161afc3a000, 0x00000161afc35800, 0x00000161afc3d000,
0x00000161afc3e000, 0x00000161afc42000, 0x00000161afc3e800, 0x00000161afc3f800,
0x00000161afc41000, 0x00000161afc40800, 0x00000161afc3c000, 0x00000161afc43000,
0x00000161afc43800, 0x00000161afc44800, 0x00000161b0616800, 0x00000161b0619000,
0x00000161b061b800, 0x00000161b061a000, 0x00000161b061a800, 0x00000161b061c800,
0x00000161b061d000, 0x00000161b061e000, 0x00000161b0618000, 0x00000161b0623800,
0x00000161b0624800, 0x00000161b061e800, 0x00000161b0621000, 0x00000161b0622000,
0x00000161b0625800, 0x00000161b061f800, 0x00000161b0620800, 0x00000161b4125800,
0x00000161b4121800, 0x00000161b4122000, 0x00000161b4120800
}

Java Threads: ( => current thread )
  0x000001619108e000 JavaThread "main" [_thread_blocked, id=16716, stack(0x00000055d3600000,0x00000055d3700000)]
  0x00000161aa221800 JavaThread "Reference Handler" daemon [_thread_blocked, id=1248, stack(0x00000055d3d00000,0x00000055d3e00000)]
  0x00000161aa22b800 JavaThread "Finalizer" daemon [_thread_blocked, id=13704, stack(0x00000055d3e00000,0x00000055d3f00000)]
  0x00000161aa23f000 JavaThread "Signal Dispatcher" daemon [_thread_blocked, id=15148, stack(0x00000055d3f00000,0x00000055d4000000)]
  0x00000161aa240000 JavaThread "Attach Listener" daemon [_thread_blocked, id=9252, stack(0x00000055d4000000,0x00000055d4100000)]
  0x00000161aa241000 JavaThread "Service Thread" daemon [_thread_blocked, id=13972, stack(0x00000055d4100000,0x00000055d4200000)]
=>0x00000161aa246800 JavaThread "C2 CompilerThread0" daemon [_thread_in_native, id=2244, stack(0x00000055d4200000,0x00000055d4300000)]
  0x00000161aa248800 JavaThread "C1 CompilerThread0" daemon [_thread_blocked, id=8564, stack(0x00000055d4300000,0x00000055d4400000)]
  0x00000161aa24a000 JavaThread "Sweeper thread" daemon [_thread_blocked, id=2160, stack(0x00000055d4400000,0x00000055d4500000)]
  0x00000161aacff800 JavaThread "Common-Cleaner" daemon [_thread_blocked, id=18056, stack(0x00000055d4500000,0x00000055d4600000)]
  0x00000161aca38800 JavaThread "Daemon health stats" [_thread_blocked, id=13328, stack(0x00000055d4a00000,0x00000055d4b00000)]
  0x00000161ac51b000 JavaThread "Incoming local TCP Connector on port 54502" [_thread_in_native, id=10308, stack(0x00000055d4700000,0x00000055d4800000)]
  0x00000161ab1ef800 JavaThread "Daemon periodic checks" [_thread_blocked, id=3972, stack(0x00000055d4b00000,0x00000055d4c00000)]
  0x00000161ac6df000 JavaThread "Daemon" [_thread_blocked, id=12200, stack(0x00000055d4c00000,0x00000055d4d00000)]
  0x00000161abbe0800 JavaThread "Handler for socket connection from /127.0.0.1:54502 to /127.0.0.1:54505" [_thread_in_native, id=5004, stack(0x00000055d4d00000,0x00000055d4e00000)]
  0x00000161acf73000 JavaThread "Cancel handler" [_thread_blocked, id=7644, stack(0x00000055d4e00000,0x00000055d4f00000)]
  0x00000161acb5c800 JavaThread "Daemon worker" [_thread_blocked, id=14208, stack(0x00000055d4f00000,0x00000055d5000000)]
  0x00000161ac187800 JavaThread "Asynchronous log dispatcher for DefaultDaemonConnection: socket connection from /127.0.0.1:54502 to /127.0.0.1:54505" [_thread_blocked, id=15476, stack(0x00000055d5000000,0x00000055d5100000)]
  0x00000161ab8b7000 JavaThread "Stdin handler" [_thread_blocked, id=16696, stack(0x00000055d5100000,0x00000055d5200000)]
  0x00000161aca14000 JavaThread "Daemon client event forwarder" [_thread_blocked, id=4044, stack(0x00000055d5200000,0x00000055d5300000)]
  0x00000161aca15800 JavaThread "Cache worker for journal cache (C:\Users\OneTon\.gradle\caches\journal-1)" [_thread_blocked, id=2108, stack(0x00000055d5800000,0x00000055d5900000)]
  0x00000161aca16800 JavaThread "File lock request listener" [_thread_in_native, id=7716, stack(0x00000055d5900000,0x00000055d5a00000)]
  0x00000161aca14800 JavaThread "Cache worker for file hash cache (C:\Users\OneTon\.gradle\caches\7.5\fileHashes)" [_thread_blocked, id=14792, stack(0x00000055d5a00000,0x00000055d5b00000)]
  0x00000161aed5e000 JavaThread "File watcher server" daemon [_thread_in_native, id=3780, stack(0x00000055d5e00000,0x00000055d5f00000)]
  0x00000161aed5d000 JavaThread "File watcher consumer" daemon [_thread_blocked, id=16884, stack(0x00000055d5f00000,0x00000055d6000000)]
  0x00000161aed63000 JavaThread "Cache worker for checksums cache (D:\flutter_projects\todoon_projects\todoon\android\.gradle\7.5\checksums)" [_thread_blocked, id=8676, stack(0x00000055d5d00000,0x00000055d5e00000)]
  0x00000161aed5e800 JavaThread "Cache worker for cache directory md-rule (C:\Users\OneTon\.gradle\caches\7.5\md-rule)" [_thread_blocked, id=1980, stack(0x00000055d6000000,0x00000055d6100000)]
  0x00000161aed5f800 JavaThread "Cache worker for file content cache (C:\Users\OneTon\.gradle\caches\7.5\fileContent)" [_thread_blocked, id=13628, stack(0x00000055d6100000,0x00000055d6200000)]
  0x00000161aed61000 JavaThread "Cache worker for file hash cache (D:\flutter_projects\todoon_projects\todoon\android\.gradle\7.5\fileHashes)" [_thread_blocked, id=3008, stack(0x00000055d6200000,0x00000055d6300000)]
  0x00000161aed64800 JavaThread "Cache worker for cache directory md-supplier (C:\Users\OneTon\.gradle\caches\7.5\md-supplier)" [_thread_blocked, id=8456, stack(0x00000055d6300000,0x00000055d6400000)]
  0x00000161aed65800 JavaThread "Cache worker for execution history cache (C:\Users\OneTon\.gradle\caches\7.5\executionHistory)" [_thread_blocked, id=9876, stack(0x00000055d6400000,0x00000055d6500000)]
  0x00000161aed60800 JavaThread "jar transforms" [_thread_blocked, id=8756, stack(0x00000055d6600000,0x00000055d6700000)]
  0x00000161aed67000 JavaThread "jar transforms Thread 2" [_thread_blocked, id=15124, stack(0x00000055d6700000,0x00000055d6800000)]
  0x00000161aed68800 JavaThread "jar transforms Thread 3" [_thread_blocked, id=7204, stack(0x00000055d6800000,0x00000055d6900000)]
  0x00000161aed69800 JavaThread "jar transforms Thread 4" [_thread_blocked, id=12672, stack(0x00000055d6900000,0x00000055d6a00000)]
  0x00000161aed63800 JavaThread "Cache worker for dependencies-accessors (D:\flutter_projects\todoon_projects\todoon\android\.gradle\7.5\dependencies-accessors)" [_thread_blocked, id=10020, stack(0x00000055d6a00000,0x00000055d6b00000)]
  0x00000161aed6b000 JavaThread "jar transforms Thread 5" [_thread_blocked, id=8704, stack(0x00000055d6500000,0x00000055d6600000)]
  0x00000161aed6c000 JavaThread "Cache worker for Build Output Cleanup Cache (D:\flutter_projects\todoon_projects\todoon\android\.gradle\buildOutputCleanup)" [_thread_blocked, id=14292, stack(0x00000055d6b00000,0x00000055d6c00000)]
  0x00000161aed6a000 JavaThread "Unconstrained build operations" [_thread_blocked, id=11204, stack(0x00000055d6c00000,0x00000055d6d00000)]
  0x00000161b07e0000 JavaThread "Unconstrained build operations Thread 2" [_thread_blocked, id=11984, stack(0x00000055d6d00000,0x00000055d6e00000)]
  0x00000161b07dd800 JavaThread "Unconstrained build operations Thread 3" [_thread_blocked, id=5824, stack(0x00000055d6e00000,0x00000055d6f00000)]
  0x00000161b07dc000 JavaThread "Unconstrained build operations Thread 4" [_thread_blocked, id=7620, stack(0x00000055d6f00000,0x00000055d7000000)]
  0x00000161b07db000 JavaThread "Unconstrained build operations Thread 5" [_thread_blocked, id=10788, stack(0x00000055d7000000,0x00000055d7100000)]
  0x00000161b07dd000 JavaThread "Unconstrained build operations Thread 6" [_thread_blocked, id=15300, stack(0x00000055d7100000,0x00000055d7200000)]
  0x00000161b07de800 JavaThread "Unconstrained build operations Thread 7" [_thread_blocked, id=15564, stack(0x00000055d7200000,0x00000055d7300000)]
  0x00000161b07df000 JavaThread "Unconstrained build operations Thread 8" [_thread_blocked, id=10416, stack(0x00000055d7300000,0x00000055d7400000)]
  0x00000161b07da800 JavaThread "Unconstrained build operations Thread 9" [_thread_blocked, id=9360, stack(0x00000055d7400000,0x00000055d7500000)]
  0x00000161b07e1000 JavaThread "Unconstrained build operations Thread 10" [_thread_blocked, id=5060, stack(0x00000055d7500000,0x00000055d7600000)]
  0x00000161b07e6000 JavaThread "Unconstrained build operations Thread 11" [_thread_blocked, id=12824, stack(0x00000055d7600000,0x00000055d7700000)]
  0x00000161b07e6800 JavaThread "Unconstrained build operations Thread 12" [_thread_blocked, id=16524, stack(0x00000055d7700000,0x00000055d7800000)]
  0x00000161b07e7800 JavaThread "Unconstrained build operations Thread 13" [_thread_blocked, id=14652, stack(0x00000055d7800000,0x00000055d7900000)]
  0x00000161b07e1800 JavaThread "Unconstrained build operations Thread 14" [_thread_blocked, id=7092, stack(0x00000055d7900000,0x00000055d7a00000)]
  0x00000161b07e3800 JavaThread "Unconstrained build operations Thread 15" [_thread_blocked, id=10928, stack(0x00000055d7a00000,0x00000055d7b00000)]
  0x00000161b07e8000 JavaThread "Unconstrained build operations Thread 16" [_thread_blocked, id=6840, stack(0x00000055d7b00000,0x00000055d7c00000)]
  0x00000161b07e2800 JavaThread "Unconstrained build operations Thread 17" [_thread_blocked, id=15240, stack(0x00000055d7c00000,0x00000055d7d00000)]
  0x00000161b07e9000 JavaThread "Unconstrained build operations Thread 18" [_thread_blocked, id=10044, stack(0x00000055d7d00000,0x00000055d7e00000)]
  0x00000161b07e4000 JavaThread "Unconstrained build operations Thread 19" [_thread_blocked, id=12656, stack(0x00000055d7e00000,0x00000055d7f00000)]
  0x00000161b07e5000 JavaThread "Unconstrained build operations Thread 20" [_thread_blocked, id=18320, stack(0x00000055d7f00000,0x00000055d8000000)]
  0x00000161ad830800 JavaThread "Unconstrained build operations Thread 21" [_thread_blocked, id=16872, stack(0x00000055d8000000,0x00000055d8100000)]
  0x00000161ad833800 JavaThread "Unconstrained build operations Thread 22" [_thread_blocked, id=5668, stack(0x00000055d8100000,0x00000055d8200000)]
  0x00000161ad82f800 JavaThread "Unconstrained build operations Thread 23" [_thread_blocked, id=11644, stack(0x00000055d8200000,0x00000055d8300000)]
  0x00000161ad82e800 JavaThread "Unconstrained build operations Thread 24" [_thread_blocked, id=13540, stack(0x00000055d8300000,0x00000055d8400000)]
  0x00000161ad834800 JavaThread "Unconstrained build operations Thread 25" [_thread_blocked, id=7212, stack(0x00000055d8400000,0x00000055d8500000)]
  0x00000161ad835000 JavaThread "Unconstrained build operations Thread 26" [_thread_blocked, id=13732, stack(0x00000055d8500000,0x00000055d8600000)]
  0x00000161ad832000 JavaThread "Unconstrained build operations Thread 27" [_thread_blocked, id=13008, stack(0x00000055d8600000,0x00000055d8700000)]
  0x00000161ad831000 JavaThread "Unconstrained build operations Thread 28" [_thread_blocked, id=7528, stack(0x00000055d8700000,0x00000055d8800000)]
  0x00000161ad833000 JavaThread "Unconstrained build operations Thread 29" [_thread_blocked, id=6700, stack(0x00000055d8800000,0x00000055d8900000)]
  0x00000161b1eea000 JavaThread "Unconstrained build operations Thread 30" [_thread_blocked, id=5332, stack(0x00000055d8900000,0x00000055d8a00000)]
  0x00000161b1eeb000 JavaThread "Unconstrained build operations Thread 31" [_thread_blocked, id=12536, stack(0x00000055d8a00000,0x00000055d8b00000)]
  0x00000161b1ee7800 JavaThread "Unconstrained build operations Thread 32" [_thread_blocked, id=12232, stack(0x00000055d8b00000,0x00000055d8c00000)]
  0x00000161b1ee7000 JavaThread "Unconstrained build operations Thread 33" [_thread_blocked, id=816, stack(0x00000055d8c00000,0x00000055d8d00000)]
  0x00000161b1ee8800 JavaThread "Unconstrained build operations Thread 34" [_thread_blocked, id=15212, stack(0x00000055d8d00000,0x00000055d8e00000)]
  0x00000161b1ee9800 JavaThread "Unconstrained build operations Thread 35" [_thread_blocked, id=15808, stack(0x00000055d8e00000,0x00000055d8f00000)]
  0x00000161b1eec000 JavaThread "Unconstrained build operations Thread 36" [_thread_blocked, id=10624, stack(0x00000055d8f00000,0x00000055d9000000)]
  0x00000161b1ee6000 JavaThread "Unconstrained build operations Thread 37" [_thread_blocked, id=14044, stack(0x00000055d9000000,0x00000055d9100000)]
  0x00000161b1eec800 JavaThread "Unconstrained build operations Thread 38" [_thread_blocked, id=16092, stack(0x00000055d9100000,0x00000055d9200000)]
  0x00000161afc16800 JavaThread "Unconstrained build operations Thread 39" [_thread_blocked, id=13792, stack(0x00000055d9200000,0x00000055d9300000)]
  0x00000161afc19000 JavaThread "Unconstrained build operations Thread 40" [_thread_blocked, id=572, stack(0x00000055d9300000,0x00000055d9400000)]
  0x00000161afc1b800 JavaThread "Unconstrained build operations Thread 41" [_thread_blocked, id=6472, stack(0x00000055d9400000,0x00000055d9500000)]
  0x00000161afc1a000 JavaThread "Unconstrained build operations Thread 42" [_thread_blocked, id=1940, stack(0x00000055d9500000,0x00000055d9600000)]
  0x00000161afc15800 JavaThread "Unconstrained build operations Thread 43" [_thread_blocked, id=12140, stack(0x00000055d9600000,0x00000055d9700000)]
  0x00000161afc17800 JavaThread "Unconstrained build operations Thread 44" [_thread_blocked, id=6848, stack(0x00000055d9700000,0x00000055d9800000)]
  0x00000161afc1a800 JavaThread "Unconstrained build operations Thread 45" [_thread_blocked, id=14756, stack(0x00000055d9800000,0x00000055d9900000)]
  0x00000161afc1d000 JavaThread "Unconstrained build operations Thread 46" [_thread_blocked, id=13192, stack(0x00000055d9900000,0x00000055d9a00000)]
  0x00000161afc1e000 JavaThread "Unconstrained build operations Thread 47" [_thread_blocked, id=16488, stack(0x00000055d9a00000,0x00000055d9b00000)]
  0x00000161afc18000 JavaThread "Unconstrained build operations Thread 48" [_thread_blocked, id=17680, stack(0x00000055d9b00000,0x00000055d9c00000)]
  0x00000161afc1e800 JavaThread "Unconstrained build operations Thread 49" [_thread_blocked, id=13420, stack(0x00000055d9c00000,0x00000055d9d00000)]
  0x00000161afc1c000 JavaThread "Unconstrained build operations Thread 50" [_thread_blocked, id=11376, stack(0x00000055d9d00000,0x00000055d9e00000)]
  0x00000161afc1f800 JavaThread "Unconstrained build operations Thread 51" [_thread_blocked, id=15264, stack(0x00000055d9e00000,0x00000055d9f00000)]
  0x00000161afc23800 JavaThread "Unconstrained build operations Thread 52" [_thread_blocked, id=2864, stack(0x00000055d9f00000,0x00000055da000000)]
  0x00000161afc21000 JavaThread "Unconstrained build operations Thread 53" [_thread_blocked, id=12860, stack(0x00000055da000000,0x00000055da100000)]
  0x00000161afc24800 JavaThread "Unconstrained build operations Thread 54" [_thread_blocked, id=10936, stack(0x00000055da100000,0x00000055da200000)]
  0x00000161afc20800 JavaThread "Unconstrained build operations Thread 55" [_thread_blocked, id=1816, stack(0x00000055da200000,0x00000055da300000)]
  0x00000161afc22000 JavaThread "Unconstrained build operations Thread 56" [_thread_blocked, id=2312, stack(0x00000055da300000,0x00000055da400000)]
  0x00000161afc22800 JavaThread "Unconstrained build operations Thread 57" [_thread_blocked, id=8580, stack(0x00000055da400000,0x00000055da500000)]
  0x00000161afc37800 JavaThread "Unconstrained build operations Thread 58" [_thread_blocked, id=12372, stack(0x00000055da500000,0x00000055da600000)]
  0x00000161afc38000 JavaThread "Unconstrained build operations Thread 59" [_thread_blocked, id=17068, stack(0x00000055da600000,0x00000055da700000)]
  0x00000161afc3a800 JavaThread "Unconstrained build operations Thread 60" [_thread_blocked, id=11176, stack(0x00000055da700000,0x00000055da800000)]
  0x00000161afc3b800 JavaThread "Unconstrained build operations Thread 61" [_thread_blocked, id=12496, stack(0x00000055da800000,0x00000055da900000)]
  0x00000161afc36800 JavaThread "Unconstrained build operations Thread 62" [_thread_blocked, id=14828, stack(0x00000055da900000,0x00000055daa00000)]
  0x00000161afc39000 JavaThread "Unconstrained build operations Thread 63" [_thread_blocked, id=13788, stack(0x00000055daa00000,0x00000055dab00000)]
  0x00000161afc3a000 JavaThread "Unconstrained build operations Thread 64" [_thread_blocked, id=9716, stack(0x00000055dab00000,0x00000055dac00000)]
  0x00000161afc35800 JavaThread "Unconstrained build operations Thread 65" [_thread_blocked, id=3068, stack(0x00000055dac00000,0x00000055dad00000)]
  0x00000161afc3d000 JavaThread "Unconstrained build operations Thread 66" [_thread_blocked, id=15084, stack(0x00000055dad00000,0x00000055dae00000)]
  0x00000161afc3e000 JavaThread "Unconstrained build operations Thread 67" [_thread_blocked, id=6020, stack(0x00000055dae00000,0x00000055daf00000)]
  0x00000161afc42000 JavaThread "Unconstrained build operations Thread 68" [_thread_blocked, id=6572, stack(0x00000055daf00000,0x00000055db000000)]
  0x00000161afc3e800 JavaThread "Unconstrained build operations Thread 69" [_thread_blocked, id=14064, stack(0x00000055db000000,0x00000055db100000)]
  0x00000161afc3f800 JavaThread "Unconstrained build operations Thread 70" [_thread_blocked, id=12036, stack(0x00000055db100000,0x00000055db200000)]
  0x00000161afc41000 JavaThread "Unconstrained build operations Thread 71" [_thread_blocked, id=5888, stack(0x00000055db200000,0x00000055db300000)]
  0x00000161afc40800 JavaThread "Unconstrained build operations Thread 72" [_thread_blocked, id=11660, stack(0x00000055db300000,0x00000055db400000)]
  0x00000161afc3c000 JavaThread "Unconstrained build operations Thread 73" [_thread_blocked, id=744, stack(0x00000055db400000,0x00000055db500000)]
  0x00000161afc43000 JavaThread "Unconstrained build operations Thread 74" [_thread_blocked, id=17528, stack(0x00000055db500000,0x00000055db600000)]
  0x00000161afc43800 JavaThread "Unconstrained build operations Thread 75" [_thread_blocked, id=7672, stack(0x00000055db600000,0x00000055db700000)]
  0x00000161afc44800 JavaThread "Unconstrained build operations Thread 76" [_thread_blocked, id=4576, stack(0x00000055db700000,0x00000055db800000)]
  0x00000161b0616800 JavaThread "Unconstrained build operations Thread 77" [_thread_blocked, id=13092, stack(0x00000055db800000,0x00000055db900000)]
  0x00000161b0619000 JavaThread "Unconstrained build operations Thread 78" [_thread_blocked, id=16028, stack(0x00000055db900000,0x00000055dba00000)]
  0x00000161b061b800 JavaThread "Unconstrained build operations Thread 79" [_thread_blocked, id=17312, stack(0x00000055dba00000,0x00000055dbb00000)]
  0x00000161b061a000 JavaThread "Unconstrained build operations Thread 80" [_thread_blocked, id=12284, stack(0x00000055dbb00000,0x00000055dbc00000)]
  0x00000161b061a800 JavaThread "jar transforms Thread 6" [_thread_blocked, id=1692, stack(0x00000055dbd00000,0x00000055dbe00000)]
  0x00000161b061c800 JavaThread "jar transforms Thread 7" [_thread_blocked, id=13932, stack(0x00000055dbe00000,0x00000055dbf00000)]
  0x00000161b061d000 JavaThread "jar transforms Thread 8" [_thread_blocked, id=11860, stack(0x00000055dbf00000,0x00000055dc000000)]
  0x00000161b061e000 JavaThread "Memory manager" [_thread_blocked, id=9680, stack(0x00000055dbc00000,0x00000055dbd00000)]
  0x00000161b0618000 JavaThread "Cache worker for kotlin-dsl (C:\Users\OneTon\.gradle\caches\7.5\kotlin-dsl)" [_thread_blocked, id=8568, stack(0x00000055dc100000,0x00000055dc200000)]
  0x00000161b0623800 JavaThread "included builds" [_thread_blocked, id=5028, stack(0x00000055d5c00000,0x00000055d5d00000)]
  0x00000161b0624800 JavaThread "Execution worker" [_thread_blocked, id=2968, stack(0x00000055dc000000,0x00000055dc100000)]
  0x00000161b061e800 JavaThread "Execution worker Thread 2" [_thread_blocked, id=8272, stack(0x00000055dc200000,0x00000055dc300000)]
  0x00000161b0621000 JavaThread "Execution worker Thread 3" [_thread_blocked, id=1644, stack(0x00000055dc300000,0x00000055dc400000)]
  0x00000161b0622000 JavaThread "Execution worker Thread 4" [_thread_blocked, id=12780, stack(0x00000055dc400000,0x00000055dc500000)]
  0x00000161b0625800 JavaThread "Execution worker Thread 5" [_thread_blocked, id=17884, stack(0x00000055dc500000,0x00000055dc600000)]
  0x00000161b061f800 JavaThread "Execution worker Thread 6" [_thread_blocked, id=15104, stack(0x00000055dc600000,0x00000055dc700000)]
  0x00000161b0620800 JavaThread "Execution worker Thread 7" [_thread_blocked, id=10972, stack(0x00000055dc700000,0x00000055dc800000)]
  0x00000161b4125800 JavaThread "Cache worker for execution history cache (D:\flutter_projects\todoon_projects\todoon\android\.gradle\7.5\executionHistory)" [_thread_blocked, id=3456, stack(0x00000055dc800000,0x00000055dc900000)]
  0x00000161b4121800 JavaThread "Exec process" [_thread_in_native, id=14664, stack(0x00000055dc900000,0x00000055dca00000)]
  0x00000161b4122000 JavaThread "Exec process Thread 2" [_thread_in_native, id=16836, stack(0x00000055dca00000,0x00000055dcb00000)]
  0x00000161b4120800 JavaThread "Exec process Thread 3" [_thread_in_native, id=11072, stack(0x00000055dcb00000,0x00000055dcc00000)]

Other Threads:
  0x00000161aa21a800 VMThread "VM Thread" [stack: 0x00000055d3c00000,0x00000055d3d00000] [id=10792]
  0x00000161aad0d000 WatcherThread [stack: 0x00000055d4600000,0x00000055d4700000] [id=4828]
  0x00000161910a7000 GCTaskThread "GC Thread#0" [stack: 0x00000055d3700000,0x00000055d3800000] [id=4456]
  0x00000161abc0d000 GCTaskThread "GC Thread#1" [stack: 0x00000055d4800000,0x00000055d4900000] [id=15756]
  0x00000161abb87000 GCTaskThread "GC Thread#2" [stack: 0x00000055d4900000,0x00000055d4a00000] [id=5248]
  0x00000161acf71800 GCTaskThread "GC Thread#3" [stack: 0x00000055d5300000,0x00000055d5400000] [id=15540]
  0x00000161ac1ad800 GCTaskThread "GC Thread#4" [stack: 0x00000055d5400000,0x00000055d5500000] [id=10188]
  0x00000161acd60800 GCTaskThread "GC Thread#5" [stack: 0x00000055d5500000,0x00000055d5600000] [id=13136]
  0x00000161acd4e000 GCTaskThread "GC Thread#6" [stack: 0x00000055d5600000,0x00000055d5700000] [id=7784]
  0x00000161acd3b000 GCTaskThread "GC Thread#7" [stack: 0x00000055d5700000,0x00000055d5800000] [id=7816]
  0x00000161910ce000 ConcurrentGCThread "G1 Main Marker" [stack: 0x00000055d3800000,0x00000055d3900000] [id=3932]
  0x00000161910cf000 ConcurrentGCThread "G1 Conc#0" [stack: 0x00000055d3900000,0x00000055d3a00000] [id=5448]
  0x00000161ac627800 ConcurrentGCThread "G1 Conc#1" [stack: 0x00000055d5b00000,0x00000055d5c00000] [id=13620]
  0x00000161aa062800 ConcurrentGCThread "G1 Refine#0" [stack: 0x00000055d3a00000,0x00000055d3b00000] [id=11880]
  0x00000161aa063800 ConcurrentGCThread "G1 Young RemSet Sampling" [stack: 0x00000055d3b00000,0x00000055d3c00000] [id=5112]

Threads with active compile tasks:
C2 CompilerThread0  33655 11492       4       org.gradle.internal.logging.text.AbstractLineChoppingStyledTextOutput$1::execute (9 bytes)

VM state:not at safepoint (normal execution)

VM Mutex/Monitor currently owned by a thread: None

Heap address: 0x00000000a0000000, size: 1536 MB, Compressed Oops mode: 32-bit
Narrow klass base: 0x0000000000000000, Narrow klass shift: 3
Compressed class space size: 1073741824 Address: 0x0000000100000000

Heap:
 garbage-first heap   total 187392K, used 148485K [0x00000000a0000000, 0x0000000100000000)
  region size 1024K, 28 young (28672K), 3 survivors (3072K)
 Metaspace       used 92390K, capacity 95525K, committed 95696K, reserved 1132544K
  class space    used 12095K, capacity 13228K, committed 13344K, reserved 1048576K
Heap Regions: E=young(eden), S=young(survivor), O=old, HS=humongous(starts), HC=humongous(continues), CS=collection set, F=free, A=archive, TAMS=top-at-mark-start (previous, next)
|   0|0x00000000a0000000, 0x00000000a0100000, 0x00000000a0100000|100%| O|  |TAMS 0x00000000a0100000, 0x00000000a0000000| Untracked 
|   1|0x00000000a0100000, 0x00000000a0200000, 0x00000000a0200000|100%| O|  |TAMS 0x00000000a0200000, 0x00000000a0100000| Untracked 
|   2|0x00000000a0200000, 0x00000000a0300000, 0x00000000a0300000|100%| O|  |TAMS 0x00000000a0300000, 0x00000000a0200000| Untracked 
|   3|0x00000000a0300000, 0x00000000a0400000, 0x00000000a0400000|100%|HS|  |TAMS 0x00000000a0400000, 0x00000000a0300000| Complete 
|   4|0x00000000a0400000, 0x00000000a0500000, 0x00000000a0500000|100%|HC|  |TAMS 0x00000000a0500000, 0x00000000a0400000| Complete 
|   5|0x00000000a0500000, 0x00000000a0600000, 0x00000000a0600000|100%|HC|  |TAMS 0x00000000a0600000, 0x00000000a0500000| Complete 
|   6|0x00000000a0600000, 0x00000000a0700000, 0x00000000a0700000|100%| O|  |TAMS 0x00000000a0700000, 0x00000000a0600000| Untracked 
|   7|0x00000000a0700000, 0x00000000a0800000, 0x00000000a0800000|100%| O|  |TAMS 0x00000000a0800000, 0x00000000a0700000| Untracked 
|   8|0x00000000a0800000, 0x00000000a0900000, 0x00000000a0900000|100%| O|  |TAMS 0x00000000a0900000, 0x00000000a0800000| Untracked 
|   9|0x00000000a0900000, 0x00000000a0a00000, 0x00000000a0a00000|100%| O|  |TAMS 0x00000000a0a00000, 0x00000000a0900000| Untracked 
|  10|0x00000000a0a00000, 0x00000000a0b00000, 0x00000000a0b00000|100%| O|  |TAMS 0x00000000a0b00000, 0x00000000a0a00000| Untracked 
|  11|0x00000000a0b00000, 0x00000000a0c00000, 0x00000000a0c00000|100%| O|  |TAMS 0x00000000a0c00000, 0x00000000a0b00000| Untracked 
|  12|0x00000000a0c00000, 0x00000000a0d00000, 0x00000000a0d00000|100%| O|  |TAMS 0x00000000a0d00000, 0x00000000a0c00000| Untracked 
|  13|0x00000000a0d00000, 0x00000000a0e00000, 0x00000000a0e00000|100%| O|  |TAMS 0x00000000a0e00000, 0x00000000a0d00000| Untracked 
|  14|0x00000000a0e00000, 0x00000000a0f00000, 0x00000000a0f00000|100%| O|  |TAMS 0x00000000a0f00000, 0x00000000a0e00000| Untracked 
|  15|0x00000000a0f00000, 0x00000000a1000000, 0x00000000a1000000|100%| O|  |TAMS 0x00000000a1000000, 0x00000000a0f00000| Untracked 
|  16|0x00000000a1000000, 0x00000000a1100000, 0x00000000a1100000|100%| O|  |TAMS 0x00000000a1100000, 0x00000000a1000000| Untracked 
|  17|0x00000000a1100000, 0x00000000a1200000, 0x00000000a1200000|100%| O|  |TAMS 0x00000000a1200000, 0x00000000a1100000| Untracked 
|  18|0x00000000a1200000, 0x00000000a1300000, 0x00000000a1300000|100%| O|  |TAMS 0x00000000a1300000, 0x00000000a1200000| Untracked 
|  19|0x00000000a1300000, 0x00000000a1400000, 0x00000000a1400000|100%|HS|  |TAMS 0x00000000a1400000, 0x00000000a1300000| Complete 
|  20|0x00000000a1400000, 0x00000000a1500000, 0x00000000a1500000|100%| O|  |TAMS 0x00000000a1500000, 0x00000000a1400000| Untracked 
|  21|0x00000000a1500000, 0x00000000a1600000, 0x00000000a1600000|100%| O|  |TAMS 0x00000000a1600000, 0x00000000a1500000| Untracked 
|  22|0x00000000a1600000, 0x00000000a1700000, 0x00000000a1700000|100%| O|  |TAMS 0x00000000a1700000, 0x00000000a1600000| Untracked 
|  23|0x00000000a1700000, 0x00000000a1800000, 0x00000000a1800000|100%| O|  |TAMS 0x00000000a1800000, 0x00000000a1700000| Untracked 
|  24|0x00000000a1800000, 0x00000000a1900000, 0x00000000a1900000|100%| O|  |TAMS 0x00000000a1900000, 0x00000000a1800000| Untracked 
|  25|0x00000000a1900000, 0x00000000a1a00000, 0x00000000a1a00000|100%| O|  |TAMS 0x00000000a1a00000, 0x00000000a1900000| Untracked 
|  26|0x00000000a1a00000, 0x00000000a1b00000, 0x00000000a1b00000|100%| O|  |TAMS 0x00000000a1b00000, 0x00000000a1a00000| Untracked 
|  27|0x00000000a1b00000, 0x00000000a1c00000, 0x00000000a1c00000|100%|HS|  |TAMS 0x00000000a1c00000, 0x00000000a1b00000| Complete 
|  28|0x00000000a1c00000, 0x00000000a1d00000, 0x00000000a1d00000|100%|HS|  |TAMS 0x00000000a1d00000, 0x00000000a1c00000| Complete 
|  29|0x00000000a1d00000, 0x00000000a1e00000, 0x00000000a1e00000|100%|HS|  |TAMS 0x00000000a1e00000, 0x00000000a1d00000| Complete 
|  30|0x00000000a1e00000, 0x00000000a1f00000, 0x00000000a1f00000|100%|HC|  |TAMS 0x00000000a1f00000, 0x00000000a1e00000| Complete 
|  31|0x00000000a1f00000, 0x00000000a2000000, 0x00000000a2000000|100%|HC|  |TAMS 0x00000000a2000000, 0x00000000a1f00000| Complete 
|  32|0x00000000a2000000, 0x00000000a2100000, 0x00000000a2100000|100%|HC|  |TAMS 0x00000000a2100000, 0x00000000a2000000| Complete 
|  33|0x00000000a2100000, 0x00000000a2200000, 0x00000000a2200000|100%|HS|  |TAMS 0x00000000a2200000, 0x00000000a2100000| Complete 
|  34|0x00000000a2200000, 0x00000000a2300000, 0x00000000a2300000|100%|HC|  |TAMS 0x00000000a2300000, 0x00000000a2200000| Complete 
|  35|0x00000000a2300000, 0x00000000a2400000, 0x00000000a2400000|100%| O|  |TAMS 0x00000000a2400000, 0x00000000a2300000| Untracked 
|  36|0x00000000a2400000, 0x00000000a2500000, 0x00000000a2500000|100%| O|  |TAMS 0x00000000a2500000, 0x00000000a2400000| Untracked 
|  37|0x00000000a2500000, 0x00000000a2600000, 0x00000000a2600000|100%| O|  |TAMS 0x00000000a2600000, 0x00000000a2500000| Untracked 
|  38|0x00000000a2600000, 0x00000000a2700000, 0x00000000a2700000|100%| O|  |TAMS 0x00000000a2700000, 0x00000000a2600000| Untracked 
|  39|0x00000000a2700000, 0x00000000a2800000, 0x00000000a2800000|100%| O|  |TAMS 0x00000000a2800000, 0x00000000a2700000| Untracked 
|  40|0x00000000a2800000, 0x00000000a2900000, 0x00000000a2900000|100%| O|  |TAMS 0x00000000a2900000, 0x00000000a2800000| Untracked 
|  41|0x00000000a2900000, 0x00000000a2a00000, 0x00000000a2a00000|100%| O|  |TAMS 0x00000000a2a00000, 0x00000000a2900000| Untracked 
|  42|0x00000000a2a00000, 0x00000000a2b00000, 0x00000000a2b00000|100%| O|  |TAMS 0x00000000a2b00000, 0x00000000a2a00000| Untracked 
|  43|0x00000000a2b00000, 0x00000000a2c00000, 0x00000000a2c00000|100%| O|  |TAMS 0x00000000a2c00000, 0x00000000a2b00000| Untracked 
|  44|0x00000000a2c00000, 0x00000000a2d00000, 0x00000000a2d00000|100%| O|  |TAMS 0x00000000a2d00000, 0x00000000a2c00000| Untracked 
|  45|0x00000000a2d00000, 0x00000000a2e00000, 0x00000000a2e00000|100%| O|  |TAMS 0x00000000a2e00000, 0x00000000a2d00000| Untracked 
|  46|0x00000000a2e00000, 0x00000000a2f00000, 0x00000000a2f00000|100%| O|  |TAMS 0x00000000a2f00000, 0x00000000a2e00000| Untracked 
|  47|0x00000000a2f00000, 0x00000000a3000000, 0x00000000a3000000|100%| O|  |TAMS 0x00000000a3000000, 0x00000000a2f00000| Untracked 
|  48|0x00000000a3000000, 0x00000000a3100000, 0x00000000a3100000|100%| O|  |TAMS 0x00000000a3100000, 0x00000000a3000000| Untracked 
|  49|0x00000000a3100000, 0x00000000a3200000, 0x00000000a3200000|100%| O|  |TAMS 0x00000000a3200000, 0x00000000a3100000| Untracked 
|  50|0x00000000a3200000, 0x00000000a3300000, 0x00000000a3300000|100%| O|  |TAMS 0x00000000a3300000, 0x00000000a3200000| Untracked 
|  51|0x00000000a3300000, 0x00000000a3400000, 0x00000000a3400000|100%| O|  |TAMS 0x00000000a3400000, 0x00000000a3300000| Untracked 
|  52|0x00000000a3400000, 0x00000000a3500000, 0x00000000a3500000|100%| O|  |TAMS 0x00000000a3500000, 0x00000000a3400000| Untracked 
|  53|0x00000000a3500000, 0x00000000a3600000, 0x00000000a3600000|100%| O|  |TAMS 0x00000000a3600000, 0x00000000a3500000| Untracked 
|  54|0x00000000a3600000, 0x00000000a3700000, 0x00000000a3700000|100%| O|  |TAMS 0x00000000a3700000, 0x00000000a3600000| Untracked 
|  55|0x00000000a3700000, 0x00000000a3800000, 0x00000000a3800000|100%| O|  |TAMS 0x00000000a3800000, 0x00000000a3700000| Untracked 
|  56|0x00000000a3800000, 0x00000000a3900000, 0x00000000a3900000|100%| O|  |TAMS 0x00000000a3900000, 0x00000000a3800000| Untracked 
|  57|0x00000000a3900000, 0x00000000a3a00000, 0x00000000a3a00000|100%| O|  |TAMS 0x00000000a3a00000, 0x00000000a3900000| Untracked 
|  58|0x00000000a3a00000, 0x00000000a3b00000, 0x00000000a3b00000|100%|HS|  |TAMS 0x00000000a3b00000, 0x00000000a3a00000| Complete 
|  59|0x00000000a3b00000, 0x00000000a3c00000, 0x00000000a3c00000|100%|HS|  |TAMS 0x00000000a3c00000, 0x00000000a3b00000| Complete 
|  60|0x00000000a3c00000, 0x00000000a3d00000, 0x00000000a3d00000|100%| O|  |TAMS 0x00000000a3d00000, 0x00000000a3c00000| Untracked 
|  61|0x00000000a3d00000, 0x00000000a3e00000, 0x00000000a3e00000|100%| O|  |TAMS 0x00000000a3e00000, 0x00000000a3d00000| Untracked 
|  62|0x00000000a3e00000, 0x00000000a3f00000, 0x00000000a3f00000|100%| O|  |TAMS 0x00000000a3f00000, 0x00000000a3e00000| Untracked 
|  63|0x00000000a3f00000, 0x00000000a4000000, 0x00000000a4000000|100%| O|  |TAMS 0x00000000a4000000, 0x00000000a3f00000| Untracked 
|  64|0x00000000a4000000, 0x00000000a4100000, 0x00000000a4100000|100%| O|  |TAMS 0x00000000a4100000, 0x00000000a4000000| Untracked 
|  65|0x00000000a4100000, 0x00000000a4200000, 0x00000000a4200000|100%| O|  |TAMS 0x00000000a4200000, 0x00000000a4100000| Untracked 
|  66|0x00000000a4200000, 0x00000000a4300000, 0x00000000a4300000|100%| O|  |TAMS 0x00000000a4300000, 0x00000000a4200000| Untracked 
|  67|0x00000000a4300000, 0x00000000a4400000, 0x00000000a4400000|100%| O|  |TAMS 0x00000000a4400000, 0x00000000a4300000| Untracked 
|  68|0x00000000a4400000, 0x00000000a4500000, 0x00000000a4500000|100%| O|  |TAMS 0x00000000a4500000, 0x00000000a4400000| Untracked 
|  69|0x00000000a4500000, 0x00000000a4600000, 0x00000000a4600000|100%| O|  |TAMS 0x00000000a4600000, 0x00000000a4500000| Untracked 
|  70|0x00000000a4600000, 0x00000000a4700000, 0x00000000a4700000|100%| O|  |TAMS 0x00000000a4700000, 0x00000000a4600000| Untracked 
|  71|0x00000000a4700000, 0x00000000a4800000, 0x00000000a4800000|100%| O|  |TAMS 0x00000000a4800000, 0x00000000a4700000| Untracked 
|  72|0x00000000a4800000, 0x00000000a4900000, 0x00000000a4900000|100%| O|  |TAMS 0x00000000a4900000, 0x00000000a4800000| Untracked 
|  73|0x00000000a4900000, 0x00000000a4a00000, 0x00000000a4a00000|100%| O|  |TAMS 0x00000000a4a00000, 0x00000000a4900000| Untracked 
|  74|0x00000000a4a00000, 0x00000000a4b00000, 0x00000000a4b00000|100%| O|  |TAMS 0x00000000a4b00000, 0x00000000a4a00000| Untracked 
|  75|0x00000000a4b00000, 0x00000000a4c00000, 0x00000000a4c00000|100%| O|  |TAMS 0x00000000a4c00000, 0x00000000a4b00000| Untracked 
|  76|0x00000000a4c00000, 0x00000000a4d00000, 0x00000000a4d00000|100%| O|  |TAMS 0x00000000a4d00000, 0x00000000a4c00000| Untracked 
|  77|0x00000000a4d00000, 0x00000000a4e00000, 0x00000000a4e00000|100%| O|  |TAMS 0x00000000a4e00000, 0x00000000a4d00000| Untracked 
|  78|0x00000000a4e00000, 0x00000000a4f00000, 0x00000000a4f00000|100%| O|  |TAMS 0x00000000a4f00000, 0x00000000a4e00000| Untracked 
|  79|0x00000000a4f00000, 0x00000000a5000000, 0x00000000a5000000|100%| O|  |TAMS 0x00000000a5000000, 0x00000000a4f00000| Untracked 
|  80|0x00000000a5000000, 0x00000000a5100000, 0x00000000a5100000|100%|HS|  |TAMS 0x00000000a5100000, 0x00000000a5000000| Complete 
|  81|0x00000000a5100000, 0x00000000a5200000, 0x00000000a5200000|100%|HS|  |TAMS 0x00000000a5200000, 0x00000000a5100000| Complete 
|  82|0x00000000a5200000, 0x00000000a5300000, 0x00000000a5300000|100%| O|  |TAMS 0x00000000a5300000, 0x00000000a5200000| Untracked 
|  83|0x00000000a5300000, 0x00000000a5400000, 0x00000000a5400000|100%| O|  |TAMS 0x00000000a5400000, 0x00000000a5300000| Untracked 
|  84|0x00000000a5400000, 0x00000000a5500000, 0x00000000a5500000|100%| O|  |TAMS 0x00000000a5500000, 0x00000000a5400000| Untracked 
|  85|0x00000000a5500000, 0x00000000a5600000, 0x00000000a5600000|100%|HS|  |TAMS 0x00000000a5600000, 0x00000000a5500000| Complete 
|  86|0x00000000a5600000, 0x00000000a5700000, 0x00000000a5700000|100%| O|  |TAMS 0x00000000a5700000, 0x00000000a5600000| Untracked 
|  87|0x00000000a5700000, 0x00000000a5800000, 0x00000000a5800000|100%| O|  |TAMS 0x00000000a5800000, 0x00000000a5700000| Untracked 
|  88|0x00000000a5800000, 0x00000000a5900000, 0x00000000a5900000|100%|HS|  |TAMS 0x00000000a5900000, 0x00000000a5800000| Complete 
|  89|0x00000000a5900000, 0x00000000a5a00000, 0x00000000a5a00000|100%| O|  |TAMS 0x00000000a5a00000, 0x00000000a5900000| Untracked 
|  90|0x00000000a5a00000, 0x00000000a5b00000, 0x00000000a5b00000|100%| O|  |TAMS 0x00000000a5b00000, 0x00000000a5a00000| Untracked 
|  91|0x00000000a5b00000, 0x00000000a5c00000, 0x00000000a5c00000|100%| O|  |TAMS 0x00000000a5c00000, 0x00000000a5b00000| Untracked 
|  92|0x00000000a5c00000, 0x00000000a5d00000, 0x00000000a5d00000|100%| O|  |TAMS 0x00000000a5d00000, 0x00000000a5c00000| Untracked 
|  93|0x00000000a5d00000, 0x00000000a5e00000, 0x00000000a5e00000|100%| O|  |TAMS 0x00000000a5e00000, 0x00000000a5d00000| Untracked 
|  94|0x00000000a5e00000, 0x00000000a5f00000, 0x00000000a5f00000|100%|HS|  |TAMS 0x00000000a5f00000, 0x00000000a5e00000| Complete 
|  95|0x00000000a5f00000, 0x00000000a6000000, 0x00000000a6000000|100%|HC|  |TAMS 0x00000000a6000000, 0x00000000a5f00000| Complete 
|  96|0x00000000a6000000, 0x00000000a6100000, 0x00000000a6100000|100%| O|  |TAMS 0x00000000a6100000, 0x00000000a6000000| Untracked 
|  97|0x00000000a6100000, 0x00000000a6200000, 0x00000000a6200000|100%| O|  |TAMS 0x00000000a6200000, 0x00000000a6100000| Untracked 
|  98|0x00000000a6200000, 0x00000000a6300000, 0x00000000a6300000|100%| O|  |TAMS 0x00000000a6300000, 0x00000000a6200000| Untracked 
|  99|0x00000000a6300000, 0x00000000a6400000, 0x00000000a6400000|100%| O|  |TAMS 0x00000000a6400000, 0x00000000a6300000| Untracked 
| 100|0x00000000a6400000, 0x00000000a6500000, 0x00000000a6500000|100%| O|  |TAMS 0x00000000a6500000, 0x00000000a6400000| Untracked 
| 101|0x00000000a6500000, 0x00000000a6600000, 0x00000000a6600000|100%| O|  |TAMS 0x00000000a6600000, 0x00000000a6500000| Untracked 
| 102|0x00000000a6600000, 0x00000000a6700000, 0x00000000a6700000|100%| O|  |TAMS 0x00000000a6700000, 0x00000000a6600000| Untracked 
| 103|0x00000000a6700000, 0x00000000a6800000, 0x00000000a6800000|100%| O|  |TAMS 0x00000000a6800000, 0x00000000a6700000| Untracked 
| 104|0x00000000a6800000, 0x00000000a6900000, 0x00000000a6900000|100%| O|  |TAMS 0x00000000a6900000, 0x00000000a6800000| Untracked 
| 105|0x00000000a6900000, 0x00000000a6a00000, 0x00000000a6a00000|100%| O|  |TAMS 0x00000000a6a00000, 0x00000000a6900000| Untracked 
| 106|0x00000000a6a00000, 0x00000000a6b00000, 0x00000000a6b00000|100%| O|  |TAMS 0x00000000a6b00000, 0x00000000a6a00000| Untracked 
| 107|0x00000000a6b00000, 0x00000000a6c00000, 0x00000000a6c00000|100%| O|  |TAMS 0x00000000a6c00000, 0x00000000a6b00000| Untracked 
| 108|0x00000000a6c00000, 0x00000000a6d00000, 0x00000000a6d00000|100%| O|  |TAMS 0x00000000a6d00000, 0x00000000a6c00000| Untracked 
| 109|0x00000000a6d00000, 0x00000000a6e00000, 0x00000000a6e00000|100%| O|  |TAMS 0x00000000a6e00000, 0x00000000a6d00000| Untracked 
| 110|0x00000000a6e00000, 0x00000000a6f00000, 0x00000000a6f00000|100%| O|  |TAMS 0x00000000a6f00000, 0x00000000a6e00000| Untracked 
| 111|0x00000000a6f00000, 0x00000000a7000000, 0x00000000a7000000|100%| O|  |TAMS 0x00000000a7000000, 0x00000000a6f00000| Untracked 
| 112|0x00000000a7000000, 0x00000000a7100000, 0x00000000a7100000|100%| O|  |TAMS 0x00000000a7100000, 0x00000000a7000000| Untracked 
| 113|0x00000000a7100000, 0x00000000a7200000, 0x00000000a7200000|100%| O|  |TAMS 0x00000000a7200000, 0x00000000a7100000| Untracked 
| 114|0x00000000a7200000, 0x00000000a7300000, 0x00000000a7300000|100%| O|  |TAMS 0x00000000a72f1a00, 0x00000000a7200000| Untracked 
| 115|0x00000000a7300000, 0x00000000a7300000, 0x00000000a7400000|  0%| F|  |TAMS 0x00000000a7300000, 0x00000000a7300000| Untracked 
| 116|0x00000000a7400000, 0x00000000a7500000, 0x00000000a7500000|100%| O|  |TAMS 0x00000000a7400000, 0x00000000a7400000| Untracked 
| 117|0x00000000a7500000, 0x00000000a7600000, 0x00000000a7600000|100%| O|  |TAMS 0x00000000a7500000, 0x00000000a7500000| Untracked 
| 118|0x00000000a7600000, 0x00000000a7700000, 0x00000000a7700000|100%| O|  |TAMS 0x00000000a7600000, 0x00000000a7600000| Untracked 
| 119|0x00000000a7700000, 0x00000000a771e000, 0x00000000a7800000| 11%| O|  |TAMS 0x00000000a7700000, 0x00000000a7700000| Untracked 
| 120|0x00000000a7800000, 0x00000000a7800000, 0x00000000a7900000|  0%| F|  |TAMS 0x00000000a7800000, 0x00000000a7800000| Untracked 
| 121|0x00000000a7900000, 0x00000000a7900000, 0x00000000a7a00000|  0%| F|  |TAMS 0x00000000a7900000, 0x00000000a7900000| Untracked 
| 122|0x00000000a7a00000, 0x00000000a7a00000, 0x00000000a7b00000|  0%| F|  |TAMS 0x00000000a7a00000, 0x00000000a7a00000| Untracked 
| 123|0x00000000a7b00000, 0x00000000a7b00000, 0x00000000a7c00000|  0%| F|  |TAMS 0x00000000a7b00000, 0x00000000a7b00000| Untracked 
| 124|0x00000000a7c00000, 0x00000000a7c00000, 0x00000000a7d00000|  0%| F|  |TAMS 0x00000000a7c00000, 0x00000000a7c00000| Untracked 
| 125|0x00000000a7d00000, 0x00000000a7d00000, 0x00000000a7e00000|  0%| F|  |TAMS 0x00000000a7d00000, 0x00000000a7d00000| Untracked 
| 126|0x00000000a7e00000, 0x00000000a7e00000, 0x00000000a7f00000|  0%| F|  |TAMS 0x00000000a7e00000, 0x00000000a7e00000| Untracked 
| 127|0x00000000a7f00000, 0x00000000a7f00000, 0x00000000a8000000|  0%| F|  |TAMS 0x00000000a7f00000, 0x00000000a7f00000| Untracked 
| 128|0x00000000a8000000, 0x00000000a8000000, 0x00000000a8100000|  0%| F|  |TAMS 0x00000000a8000000, 0x00000000a8000000| Untracked 
| 129|0x00000000a8100000, 0x00000000a8100000, 0x00000000a8200000|  0%| F|  |TAMS 0x00000000a8100000, 0x00000000a8100000| Untracked 
| 130|0x00000000a8200000, 0x00000000a8200000, 0x00000000a8300000|  0%| F|  |TAMS 0x00000000a8200000, 0x00000000a8200000| Untracked 
| 131|0x00000000a8300000, 0x00000000a8300000, 0x00000000a8400000|  0%| F|  |TAMS 0x00000000a8300000, 0x00000000a8300000| Untracked 
| 132|0x00000000a8400000, 0x00000000a8400000, 0x00000000a8500000|  0%| F|  |TAMS 0x00000000a8400000, 0x00000000a8400000| Untracked 
| 133|0x00000000a8500000, 0x00000000a8500000, 0x00000000a8600000|  0%| F|  |TAMS 0x00000000a8500000, 0x00000000a8500000| Untracked 
| 134|0x00000000a8600000, 0x00000000a8600000, 0x00000000a8700000|  0%| F|  |TAMS 0x00000000a8600000, 0x00000000a8600000| Untracked 
| 135|0x00000000a8700000, 0x00000000a8700000, 0x00000000a8800000|  0%| F|  |TAMS 0x00000000a8700000, 0x00000000a8700000| Untracked 
| 136|0x00000000a8800000, 0x00000000a8800000, 0x00000000a8900000|  0%| F|  |TAMS 0x00000000a8800000, 0x00000000a8800000| Untracked 
| 137|0x00000000a8900000, 0x00000000a8900000, 0x00000000a8a00000|  0%| F|  |TAMS 0x00000000a8900000, 0x00000000a8900000| Untracked 
| 138|0x00000000a8a00000, 0x00000000a8a00000, 0x00000000a8b00000|  0%| F|  |TAMS 0x00000000a8a00000, 0x00000000a8a00000| Untracked 
| 139|0x00000000a8b00000, 0x00000000a8b00000, 0x00000000a8c00000|  0%| F|  |TAMS 0x00000000a8b00000, 0x00000000a8b00000| Untracked 
| 140|0x00000000a8c00000, 0x00000000a8c00000, 0x00000000a8d00000|  0%| F|  |TAMS 0x00000000a8c00000, 0x00000000a8c00000| Untracked 
| 141|0x00000000a8d00000, 0x00000000a8d00000, 0x00000000a8e00000|  0%| F|  |TAMS 0x00000000a8d00000, 0x00000000a8d00000| Untracked 
| 142|0x00000000a8e00000, 0x00000000a8e00000, 0x00000000a8f00000|  0%| F|  |TAMS 0x00000000a8e00000, 0x00000000a8e00000| Untracked 
| 143|0x00000000a8f00000, 0x00000000a8f00000, 0x00000000a9000000|  0%| F|  |TAMS 0x00000000a8f00000, 0x00000000a8f00000| Untracked 
| 144|0x00000000a9000000, 0x00000000a9000000, 0x00000000a9100000|  0%| F|  |TAMS 0x00000000a9000000, 0x00000000a9000000| Untracked 
| 145|0x00000000a9100000, 0x00000000a9100000, 0x00000000a9200000|  0%| F|  |TAMS 0x00000000a9100000, 0x00000000a9100000| Untracked 
| 146|0x00000000a9200000, 0x00000000a9200000, 0x00000000a9300000|  0%| F|  |TAMS 0x00000000a9200000, 0x00000000a9200000| Untracked 
| 147|0x00000000a9300000, 0x00000000a9300000, 0x00000000a9400000|  0%| F|  |TAMS 0x00000000a9300000, 0x00000000a9300000| Untracked 
| 148|0x00000000a9400000, 0x00000000a9400000, 0x00000000a9500000|  0%| F|  |TAMS 0x00000000a9400000, 0x00000000a9400000| Untracked 
| 149|0x00000000a9500000, 0x00000000a95e3760, 0x00000000a9600000| 88%| S|CS|TAMS 0x00000000a9500000, 0x00000000a9500000| Complete 
| 150|0x00000000a9600000, 0x00000000a9700000, 0x00000000a9700000|100%| S|CS|TAMS 0x00000000a9600000, 0x00000000a9600000| Complete 
| 151|0x00000000a9700000, 0x00000000a9700000, 0x00000000a9800000|  0%| F|  |TAMS 0x00000000a9700000, 0x00000000a9700000| Untracked 
| 152|0x00000000a9800000, 0x00000000a9800000, 0x00000000a9900000|  0%| F|  |TAMS 0x00000000a9800000, 0x00000000a9800000| Untracked 
| 153|0x00000000a9900000, 0x00000000a9a00000, 0x00000000a9a00000|100%| S|CS|TAMS 0x00000000a9900000, 0x00000000a9900000| Complete 
| 154|0x00000000a9a00000, 0x00000000a9a00000, 0x00000000a9b00000|  0%| F|  |TAMS 0x00000000a9a00000, 0x00000000a9a00000| Untracked 
| 155|0x00000000a9b00000, 0x00000000a9b00000, 0x00000000a9c00000|  0%| F|  |TAMS 0x00000000a9b00000, 0x00000000a9b00000| Untracked 
| 156|0x00000000a9c00000, 0x00000000a9c00000, 0x00000000a9d00000|  0%| F|  |TAMS 0x00000000a9c00000, 0x00000000a9c00000| Untracked 
| 157|0x00000000a9d00000, 0x00000000a9d00000, 0x00000000a9e00000|  0%| F|  |TAMS 0x00000000a9d00000, 0x00000000a9d00000| Untracked 
| 158|0x00000000a9e00000, 0x00000000a9ecaa58, 0x00000000a9f00000| 79%| E|  |TAMS 0x00000000a9e00000, 0x00000000a9e00000| Complete 
| 159|0x00000000a9f00000, 0x00000000aa000000, 0x00000000aa000000|100%| E|CS|TAMS 0x00000000a9f00000, 0x00000000a9f00000| Complete 
| 160|0x00000000aa000000, 0x00000000aa100000, 0x00000000aa100000|100%| E|CS|TAMS 0x00000000aa000000, 0x00000000aa000000| Complete 
| 161|0x00000000aa100000, 0x00000000aa200000, 0x00000000aa200000|100%| E|CS|TAMS 0x00000000aa100000, 0x00000000aa100000| Complete 
| 162|0x00000000aa200000, 0x00000000aa300000, 0x00000000aa300000|100%| E|CS|TAMS 0x00000000aa200000, 0x00000000aa200000| Complete 
| 163|0x00000000aa300000, 0x00000000aa400000, 0x00000000aa400000|100%| E|CS|TAMS 0x00000000aa300000, 0x00000000aa300000| Complete 
| 164|0x00000000aa400000, 0x00000000aa500000, 0x00000000aa500000|100%| E|CS|TAMS 0x00000000aa400000, 0x00000000aa400000| Complete 
| 165|0x00000000aa500000, 0x00000000aa600000, 0x00000000aa600000|100%| E|CS|TAMS 0x00000000aa500000, 0x00000000aa500000| Complete 
| 166|0x00000000aa600000, 0x00000000aa700000, 0x00000000aa700000|100%| E|CS|TAMS 0x00000000aa600000, 0x00000000aa600000| Complete 
| 167|0x00000000aa700000, 0x00000000aa800000, 0x00000000aa800000|100%| E|CS|TAMS 0x00000000aa700000, 0x00000000aa700000| Complete 
| 168|0x00000000aa800000, 0x00000000aa900000, 0x00000000aa900000|100%| E|CS|TAMS 0x00000000aa800000, 0x00000000aa800000| Complete 
| 169|0x00000000aa900000, 0x00000000aaa00000, 0x00000000aaa00000|100%| E|CS|TAMS 0x00000000aa900000, 0x00000000aa900000| Complete 
| 170|0x00000000aaa00000, 0x00000000aab00000, 0x00000000aab00000|100%| E|CS|TAMS 0x00000000aaa00000, 0x00000000aaa00000| Complete 
| 171|0x00000000aab00000, 0x00000000aac00000, 0x00000000aac00000|100%| E|CS|TAMS 0x00000000aab00000, 0x00000000aab00000| Complete 
| 172|0x00000000aac00000, 0x00000000aad00000, 0x00000000aad00000|100%| E|CS|TAMS 0x00000000aac00000, 0x00000000aac00000| Complete 
| 173|0x00000000aad00000, 0x00000000aae00000, 0x00000000aae00000|100%| E|CS|TAMS 0x00000000aad00000, 0x00000000aad00000| Complete 
| 174|0x00000000aae00000, 0x00000000aaf00000, 0x00000000aaf00000|100%| E|CS|TAMS 0x00000000aae00000, 0x00000000aae00000| Complete 
| 175|0x00000000aaf00000, 0x00000000ab000000, 0x00000000ab000000|100%| E|CS|TAMS 0x00000000aaf00000, 0x00000000aaf00000| Complete 
| 176|0x00000000ab000000, 0x00000000ab100000, 0x00000000ab100000|100%| E|CS|TAMS 0x00000000ab000000, 0x00000000ab000000| Complete 
| 177|0x00000000ab100000, 0x00000000ab200000, 0x00000000ab200000|100%| E|CS|TAMS 0x00000000ab100000, 0x00000000ab100000| Complete 
| 178|0x00000000ab200000, 0x00000000ab300000, 0x00000000ab300000|100%| E|CS|TAMS 0x00000000ab200000, 0x00000000ab200000| Complete 
| 179|0x00000000ab300000, 0x00000000ab400000, 0x00000000ab400000|100%| E|CS|TAMS 0x00000000ab300000, 0x00000000ab300000| Complete 
| 180|0x00000000ab400000, 0x00000000ab500000, 0x00000000ab500000|100%| E|CS|TAMS 0x00000000ab400000, 0x00000000ab400000| Complete 
| 181|0x00000000ab500000, 0x00000000ab600000, 0x00000000ab600000|100%| E|CS|TAMS 0x00000000ab500000, 0x00000000ab500000| Complete 
| 182|0x00000000ab600000, 0x00000000ab700000, 0x00000000ab700000|100%| E|CS|TAMS 0x00000000ab600000, 0x00000000ab600000| Complete 

Card table byte_map: [0x00000161a41d0000,0x00000161a44d0000] _byte_map_base: 0x00000161a3cd0000

Marking Bits (Prev, Next): (CMBitMap*) 0x00000161910c72f8, (CMBitMap*) 0x00000161910c7330
 Prev Bits: [0x00000161a47d0000, 0x00000161a5fd0000)
 Next Bits: [0x00000161a5fd0000, 0x00000161a77d0000)

Polling page: 0x000001618f050000

Metaspace:

Usage:
  Non-class:     80.37 MB capacity,    78.41 MB ( 98%) used,     1.68 MB (  2%) free+waste,   280.75 KB ( <1%) overhead. 
      Class:     12.92 MB capacity,    11.81 MB ( 91%) used,  1003.10 KB (  8%) free+waste,   129.88 KB ( <1%) overhead. 
       Both:     93.29 MB capacity,    90.23 MB ( 97%) used,     2.66 MB (  3%) free+waste,   410.63 KB ( <1%) overhead. 

Virtual space:
  Non-class space:       82.00 MB reserved,      80.42 MB ( 98%) committed 
      Class space:        1.00 GB reserved,      13.03 MB (  1%) committed 
             Both:        1.08 GB reserved,      93.45 MB (  8%) committed 

Chunk freelists:
   Non-Class:  3.00 KB
       Class:  20.00 KB
        Both:  23.00 KB

MaxMetaspaceSize: 17179869184.00 GB
CompressedClassSpaceSize: 1.00 GB
Initial GC threshold: 20.80 MB
Current GC threshold: 154.71 MB
CDS: off

CodeHeap 'non-profiled nmethods': size=120000Kb used=7291Kb max_used=7291Kb free=112708Kb
 bounds [0x000001619c670000, 0x000001619cd90000, 0x00000161a3ba0000]
CodeHeap 'profiled nmethods': size=120000Kb used=25140Kb max_used=25140Kb free=94859Kb
 bounds [0x0000016195140000, 0x00000161969d0000, 0x000001619c670000]
CodeHeap 'non-nmethods': size=5760Kb used=2387Kb max_used=2437Kb free=3372Kb
 bounds [0x0000016194ba0000, 0x0000016194e10000, 0x0000016195140000]
 total_blobs=12316 nmethods=11416 adapters=812
 compilation: enabled
              stopped_count=0, restarted_count=0
 full_count=0

Compilation events (20 events):
Event: 28.916 Thread 0x00000161aa246800 11484       4       java.util.concurrent.TimeUnit::toNanos (45 bytes)
Event: 28.917 Thread 0x00000161aa246800 nmethod 11484 0x000001619cd8e410 code [0x000001619cd8e5a0, 0x000001619cd8e678]
Event: 29.852 Thread 0x00000161aa248800 11485   !   3       sun.management.Util::newObjectName (15 bytes)
Event: 29.853 Thread 0x00000161aa248800 nmethod 11485 0x00000161969be290 code [0x00000161969be480, 0x00000161969be7f8]
Event: 30.851 Thread 0x00000161aa248800 11486       3       java.lang.invoke.DelegatingMethodHandle$Holder::reinvoke_L (18 bytes)
Event: 30.851 Thread 0x00000161aa248800 nmethod 11486 0x00000161969be990 code [0x00000161969beb60, 0x00000161969bf058]
Event: 30.851 Thread 0x00000161aa248800 11487       3       java.lang.invoke.LambdaForm$MH/0x000000010017e840::invoke (240 bytes)
Event: 30.852 Thread 0x00000161aa248800 nmethod 11487 0x00000161969bf190 code [0x00000161969bf480, 0x00000161969c0b78]
Event: 30.852 Thread 0x00000161aa248800 11488       3       sun.management.Util::newObjectName (11 bytes)
Event: 30.855 Thread 0x00000161aa248800 nmethod 11488 0x00000161969c1210 code [0x00000161969c1740, 0x00000161969c4608]
Event: 31.851 Thread 0x00000161aa248800 11490       3       sun.management.spi.PlatformMBeanProvider$PlatformComponent$$Lambda$66/0x000000010017ec40::test (9 bytes)
Event: 31.851 Thread 0x00000161aa248800 nmethod 11490 0x00000161969c5890 code [0x00000161969c5a40, 0x00000161969c5b78]
Event: 31.851 Thread 0x00000161aa248800 11489       3       sun.management.MemoryPoolImpl::getObjectName (10 bytes)
Event: 31.854 Thread 0x00000161aa248800 nmethod 11489 0x00000161969c5c10 code [0x00000161969c6140, 0x00000161969c8a08]
Event: 32.906 Thread 0x00000161aa248800 11491       1       org.gradle.cache.internal.DefaultFileLockManager$DefaultFileLock::access$300 (5 bytes)
Event: 32.906 Thread 0x00000161aa248800 nmethod 11491 0x000001619cd8e710 code [0x000001619cd8e8c0, 0x000001619cd8e958]
Event: 33.613 Thread 0x00000161aa246800 11492       4       org.gradle.internal.logging.text.AbstractLineChoppingStyledTextOutput$1::execute (9 bytes)
Event: 33.618 Thread 0x00000161aa248800 11496       3       org.gradle.internal.io.LineBufferingOutputStream::write (59 bytes)
Event: 33.619 Thread 0x00000161aa248800 nmethod 11496 0x00000161969c9b10 code [0x00000161969c9de0, 0x00000161969cabb8]
Event: 33.619 Thread 0x00000161aa248800 11497       3       org.gradle.internal.io.StreamByteBuffer$StreamByteBufferOutputStream::write (22 bytes)

GC Heap History (20 events):
Event: 18.050 GC heap before
{Heap before GC invocations=38 (full 0):
 garbage-first heap   total 155648K, used 87224K [0x00000000a0000000, 0x0000000100000000)
  region size 1024K, 5 young (5120K), 4 survivors (4096K)
 Metaspace       used 79442K, capacity 81858K, committed 82128K, reserved 1120256K
  class space    used 10321K, capacity 11219K, committed 11296K, reserved 1048576K
}
Event: 18.065 GC heap after
{Heap after GC invocations=39 (full 0):
 garbage-first heap   total 155648K, used 87844K [0x00000000a0000000, 0x0000000100000000)
  region size 1024K, 1 young (1024K), 1 survivors (1024K)
 Metaspace       used 79442K, capacity 81858K, committed 82128K, reserved 1120256K
  class space    used 10321K, capacity 11219K, committed 11296K, reserved 1048576K
}
Event: 20.274 GC heap before
{Heap before GC invocations=40 (full 0):
 garbage-first heap   total 155648K, used 119588K [0x00000000a0000000, 0x0000000100000000)
  region size 1024K, 33 young (33792K), 1 survivors (1024K)
 Metaspace       used 80579K, capacity 83104K, committed 83408K, reserved 1122304K
  class space    used 10495K, capacity 11451K, committed 11552K, reserved 1048576K
}
Event: 20.288 GC heap after
{Heap after GC invocations=41 (full 0):
 garbage-first heap   total 187392K, used 94969K [0x00000000a0000000, 0x0000000100000000)
  region size 1024K, 5 young (5120K), 5 survivors (5120K)
 Metaspace       used 80579K, capacity 83104K, committed 83408K, reserved 1122304K
  class space    used 10495K, capacity 11451K, committed 11552K, reserved 1048576K
}
Event: 20.531 GC heap before
{Heap before GC invocations=42 (full 0):
 garbage-first heap   total 187392K, used 98041K [0x00000000a0000000, 0x0000000100000000)
  region size 1024K, 8 young (8192K), 5 survivors (5120K)
 Metaspace       used 80579K, capacity 83104K, committed 83408K, reserved 1122304K
  class space    used 10495K, capacity 11451K, committed 11552K, reserved 1048576K
}
Event: 20.545 GC heap after
{Heap after GC invocations=43 (full 0):
 garbage-first heap   total 187392K, used 97242K [0x00000000a0000000, 0x0000000100000000)
  region size 1024K, 1 young (1024K), 1 survivors (1024K)
 Metaspace       used 80579K, capacity 83104K, committed 83408K, reserved 1122304K
  class space    used 10495K, capacity 11451K, committed 11552K, reserved 1048576K
}
Event: 21.636 GC heap before
{Heap before GC invocations=44 (full 0):
 garbage-first heap   total 187392K, used 128986K [0x00000000a0000000, 0x0000000100000000)
  region size 1024K, 31 young (31744K), 1 survivors (1024K)
 Metaspace       used 80981K, capacity 83667K, committed 83920K, reserved 1122304K
  class space    used 10549K, capacity 11520K, committed 11552K, reserved 1048576K
}
Event: 21.643 GC heap after
{Heap after GC invocations=45 (full 0):
 garbage-first heap   total 187392K, used 104699K [0x00000000a0000000, 0x0000000100000000)
  region size 1024K, 4 young (4096K), 4 survivors (4096K)
 Metaspace       used 80981K, capacity 83667K, committed 83920K, reserved 1122304K
  class space    used 10549K, capacity 11520K, committed 11552K, reserved 1048576K
}
Event: 22.379 GC heap before
{Heap before GC invocations=45 (full 0):
 garbage-first heap   total 187392K, used 134395K [0x00000000a0000000, 0x0000000100000000)
  region size 1024K, 33 young (33792K), 4 survivors (4096K)
 Metaspace       used 83248K, capacity 86065K, committed 86352K, reserved 1124352K
  class space    used 10867K, capacity 11859K, committed 11936K, reserved 1048576K
}
Event: 22.392 GC heap after
{Heap after GC invocations=46 (full 0):
 garbage-first heap   total 187392K, used 107563K [0x00000000a0000000, 0x0000000100000000)
  region size 1024K, 3 young (3072K), 3 survivors (3072K)
 Metaspace       used 83248K, capacity 86065K, committed 86352K, reserved 1124352K
  class space    used 10867K, capacity 11859K, committed 11936K, reserved 1048576K
}
Event: 23.087 GC heap before
{Heap before GC invocations=47 (full 0):
 garbage-first heap   total 187392K, used 138283K [0x00000000a0000000, 0x0000000100000000)
  region size 1024K, 33 young (33792K), 3 survivors (3072K)
 Metaspace       used 87153K, capacity 89974K, committed 90192K, reserved 1126400K
  class space    used 11411K, capacity 12425K, committed 12448K, reserved 1048576K
}
Event: 23.096 GC heap after
{Heap after GC invocations=48 (full 0):
 garbage-first heap   total 187392K, used 109056K [0x00000000a0000000, 0x0000000100000000)
  region size 1024K, 4 young (4096K), 4 survivors (4096K)
 Metaspace       used 87153K, capacity 89974K, committed 90192K, reserved 1126400K
  class space    used 11411K, capacity 12425K, committed 12448K, reserved 1048576K
}
Event: 23.775 GC heap before
{Heap before GC invocations=48 (full 0):
 garbage-first heap   total 187392K, used 140800K [0x00000000a0000000, 0x0000000100000000)
  region size 1024K, 35 young (35840K), 4 survivors (4096K)
 Metaspace       used 89190K, capacity 91999K, committed 92368K, reserved 1128448K
  class space    used 11659K, capacity 12705K, committed 12832K, reserved 1048576K
}
Event: 23.787 GC heap after
{Heap after GC invocations=49 (full 0):
 garbage-first heap   total 187392K, used 112054K [0x00000000a0000000, 0x0000000100000000)
  region size 1024K, 5 young (5120K), 5 survivors (5120K)
 Metaspace       used 89190K, capacity 91999K, committed 92368K, reserved 1128448K
  class space    used 11659K, capacity 12705K, committed 12832K, reserved 1048576K
}
Event: 24.642 GC heap before
{Heap before GC invocations=50 (full 0):
 garbage-first heap   total 187392K, used 143798K [0x00000000a0000000, 0x0000000100000000)
  region size 1024K, 36 young (36864K), 5 survivors (5120K)
 Metaspace       used 90108K, capacity 93059K, committed 93136K, reserved 1130496K
  class space    used 11752K, capacity 12776K, committed 12832K, reserved 1048576K
}
Event: 24.653 GC heap after
{Heap after GC invocations=51 (full 0):
 garbage-first heap   total 187392K, used 117354K [0x00000000a0000000, 0x0000000100000000)
  region size 1024K, 5 young (5120K), 5 survivors (5120K)
 Metaspace       used 90108K, capacity 93059K, committed 93136K, reserved 1130496K
  class space    used 11752K, capacity 12776K, committed 12832K, reserved 1048576K
}
Event: 25.281 GC heap before
{Heap before GC invocations=51 (full 0):
 garbage-first heap   total 187392K, used 148074K [0x00000000a0000000, 0x0000000100000000)
  region size 1024K, 35 young (35840K), 5 survivors (5120K)
 Metaspace       used 91582K, capacity 94624K, committed 94672K, reserved 1130496K
  class space    used 11959K, capacity 13077K, committed 13088K, reserved 1048576K
}
Event: 25.299 GC heap after
{Heap after GC invocations=52 (full 0):
 garbage-first heap   total 187392K, used 121374K [0x00000000a0000000, 0x0000000100000000)
  region size 1024K, 4 young (4096K), 4 survivors (4096K)
 Metaspace       used 91582K, capacity 94624K, committed 94672K, reserved 1130496K
  class space    used 11959K, capacity 13077K, committed 13088K, reserved 1048576K
}
Event: 25.842 GC heap before
{Heap before GC invocations=53 (full 0):
 garbage-first heap   total 187392K, used 151070K [0x00000000a0000000, 0x0000000100000000)
  region size 1024K, 33 young (33792K), 4 survivors (4096K)
 Metaspace       used 91831K, capacity 94862K, committed 95056K, reserved 1130496K
  class space    used 12006K, capacity 13115K, committed 13216K, reserved 1048576K
}
Event: 25.849 GC heap after
{Heap after GC invocations=54 (full 0):
 garbage-first heap   total 187392K, used 123909K [0x00000000a0000000, 0x0000000100000000)
  region size 1024K, 3 young (3072K), 3 survivors (3072K)
 Metaspace       used 91831K, capacity 94862K, committed 95056K, reserved 1130496K
  class space    used 12006K, capacity 13115K, committed 13216K, reserved 1048576K
}

Deoptimization events (20 events):
Event: 25.453 Thread 0x00000161b061e800 Uncommon trap: trap_request=0xffffff4d fr.pc=0x000001619cc50b74 relative=0x0000000000000334
Event: 25.453 Thread 0x00000161b061e800 Uncommon trap: reason=unstable_if action=reinterpret pc=0x000001619cc50b74 method=org.gradle.internal.snapshot.ChildMap$Entry.handleAncestorDescendantOrExactMatch(Lorg/gradle/internal/snapshot/VfsRelativePath;Lorg/gradle/internal/snapshot/CaseSensitivity;
Event: 25.453 Thread 0x00000161b061e800 DEOPT PACKING pc=0x000001619cc50b74 sp=0x00000055dc2fc560
Event: 25.453 Thread 0x00000161b061e800 DEOPT UNPACKING pc=0x0000016194ba85af sp=0x00000055dc2fc520 mode 2
Event: 25.490 Thread 0x00000161b061e800 Uncommon trap: trap_request=0xffffff4d fr.pc=0x000001619cc57d50 relative=0x0000000000000510
Event: 25.490 Thread 0x00000161b061e800 Uncommon trap: reason=unstable_if action=reinterpret pc=0x000001619cc57d50 method=java.lang.StringLatin1.compareToCI([B[B)I @ 68 c2
Event: 25.490 Thread 0x00000161b061e800 DEOPT PACKING pc=0x000001619cc57d50 sp=0x00000055dc2fbc80
Event: 25.490 Thread 0x00000161b061e800 DEOPT UNPACKING pc=0x0000016194ba85af sp=0x00000055dc2fbab0 mode 2
Event: 25.490 Thread 0x00000161b061e800 Uncommon trap: trap_request=0xffffff4d fr.pc=0x000001619c9ec720 relative=0x0000000000000540
Event: 25.490 Thread 0x00000161b061e800 Uncommon trap: reason=unstable_if action=reinterpret pc=0x000001619c9ec720 method=java.lang.StringLatin1.compareToCI([B[B)I @ 68 c2
Event: 25.490 Thread 0x00000161b061e800 DEOPT PACKING pc=0x000001619c9ec720 sp=0x00000055dc2fbc10
Event: 25.490 Thread 0x00000161b061e800 DEOPT UNPACKING pc=0x0000016194ba85af sp=0x00000055dc2fbab0 mode 2
Event: 25.492 Thread 0x00000161b061e800 Uncommon trap: trap_request=0xffffff4d fr.pc=0x000001619c976124 relative=0x0000000000000724
Event: 25.492 Thread 0x00000161b061e800 Uncommon trap: reason=unstable_if action=reinterpret pc=0x000001619c976124 method=org.gradle.internal.snapshot.VfsRelativePath.compareToFirstSegment(Ljava/lang/String;Lorg/gradle/internal/snapshot/CaseSensitivity;)I @ 134 c2
Event: 25.492 Thread 0x00000161b061e800 DEOPT PACKING pc=0x000001619c976124 sp=0x00000055dc2fc0f0
Event: 25.492 Thread 0x00000161b061e800 DEOPT UNPACKING pc=0x0000016194ba85af sp=0x00000055dc2fc070 mode 2
Event: 26.122 Thread 0x00000161b061e800 Uncommon trap: trap_request=0xffffff4d fr.pc=0x000001619cca5424 relative=0x0000000000000804
Event: 26.122 Thread 0x00000161b061e800 Uncommon trap: reason=unstable_if action=reinterpret pc=0x000001619cca5424 method=org.codehaus.groovy.reflection.CachedMethod.compareToMethod(Ljava/lang/reflect/Method;)I @ 71 c2
Event: 26.122 Thread 0x00000161b061e800 DEOPT PACKING pc=0x000001619cca5424 sp=0x00000055dc2f8f10
Event: 26.122 Thread 0x00000161b061e800 DEOPT UNPACKING pc=0x0000016194ba85af sp=0x00000055dc2f8ea8 mode 2

Classes redefined (0 events):
No events

Internal exceptions (20 events):
Event: 26.105 Thread 0x00000161b061e800 Exception <a 'java/lang/ClassNotFoundException'{0x00000000aa202338}: org/gradle/process/internal/DefaultExecAction_DecoratedBeanInfo> (0x00000000aa202338) thrown at [./src/hotspot/share/classfile/systemDictionary.cpp, line 231]
Event: 26.106 Thread 0x00000161b061e800 Exception <a 'java/lang/ClassNotFoundException'{0x00000000aa2357a8}: org/gradle/process/internal/DefaultExecActionBeanInfo> (0x00000000aa2357a8) thrown at [./src/hotspot/share/classfile/systemDictionary.cpp, line 231]
Event: 26.106 Thread 0x00000161b061e800 Exception <a 'java/lang/ClassNotFoundException'{0x00000000aa26c4e8}: org/gradle/process/internal/DefaultExecHandleBuilderBeanInfo> (0x00000000aa26c4e8) thrown at [./src/hotspot/share/classfile/systemDictionary.cpp, line 231]
Event: 26.107 Thread 0x00000161b061e800 Exception <a 'java/lang/ClassNotFoundException'{0x00000000aa2a3660}: org/gradle/process/internal/AbstractExecHandleBuilderBeanInfo> (0x00000000aa2a3660) thrown at [./src/hotspot/share/classfile/systemDictionary.cpp, line 231]
Event: 26.107 Thread 0x00000161b061e800 Exception <a 'java/lang/ClassNotFoundException'{0x00000000aa2db2b8}: org/gradle/process/internal/DefaultProcessForkOptionsBeanInfo> (0x00000000aa2db2b8) thrown at [./src/hotspot/share/classfile/systemDictionary.cpp, line 231]
Event: 26.108 Thread 0x00000161b061e800 Exception <a 'java/lang/ClassNotFoundException'{0x00000000aa1131d0}: org/gradle/process/internal/DefaultProcessForkOptionsCustomizer> (0x00000000aa1131d0) thrown at [./src/hotspot/share/classfile/systemDictionary.cpp, line 231]
Event: 26.111 Thread 0x00000161b061e800 Exception <a 'java/lang/ClassNotFoundException'{0x00000000aa158020}: org/gradle/process/internal/AbstractExecHandleBuilderCustomizer> (0x00000000aa158020) thrown at [./src/hotspot/share/classfile/systemDictionary.cpp, line 231]
Event: 26.113 Thread 0x00000161b061e800 Exception <a 'java/lang/ClassNotFoundException'{0x00000000aa1a0cc0}: org/gradle/process/internal/DefaultExecHandleBuilderCustomizer> (0x00000000aa1a0cc0) thrown at [./src/hotspot/share/classfile/systemDictionary.cpp, line 231]
Event: 26.117 Thread 0x00000161b061e800 Exception <a 'java/lang/ClassNotFoundException'{0x00000000aa001288}: org/gradle/process/internal/DefaultExecActionCustomizer> (0x00000000aa001288) thrown at [./src/hotspot/share/classfile/systemDictionary.cpp, line 231]
Event: 26.119 Thread 0x00000161b061e800 Exception <a 'java/lang/ClassNotFoundException'{0x00000000aa041a50}: org/gradle/process/internal/DefaultExecAction_DecoratedCustomizer> (0x00000000aa041a50) thrown at [./src/hotspot/share/classfile/systemDictionary.cpp, line 231]
Event: 26.124 Thread 0x00000161b061e800 Exception <a 'java/lang/ClassNotFoundException'{0x00000000aa09e820}: org/gradle/api/logging/LogLevelBeanInfo> (0x00000000aa09e820) thrown at [./src/hotspot/share/classfile/systemDictionary.cpp, line 231]
Event: 26.125 Thread 0x00000161b061e800 Exception <a 'java/lang/ClassNotFoundException'{0x00000000aa0cc690}: org/gradle/api/logging/LogLevelCustomizer> (0x00000000aa0cc690) thrown at [./src/hotspot/share/classfile/systemDictionary.cpp, line 231]
Event: 26.134 Thread 0x00000161b061e800 Exception <a 'java/lang/ClassNotFoundException'{0x00000000a9f41100}: org/gradle/internal/logging/services/DefaultLoggingManagerBeanInfo> (0x00000000a9f41100) thrown at [./src/hotspot/share/classfile/systemDictionary.cpp, line 231]
Event: 26.137 Thread 0x00000161b061e800 Exception <a 'java/lang/ClassNotFoundException'{0x00000000a9f79d90}: org/gradle/internal/logging/services/DefaultLoggingManagerCustomizer> (0x00000000a9f79d90) thrown at [./src/hotspot/share/classfile/systemDictionary.cpp, line 231]
Event: 26.141 Thread 0x00000161b061e800 Exception <a 'java/lang/ClassNotFoundException'{0x00000000a9fb7018}: java/lang/BooleanBeanInfo> (0x00000000a9fb7018) thrown at [./src/hotspot/share/classfile/systemDictionary.cpp, line 231]
Event: 26.141 Thread 0x00000161b061e800 Exception <a 'java/lang/ClassNotFoundException'{0x00000000a9fc3ef8}: java/lang/BooleanCustomizer> (0x00000000a9fc3ef8) thrown at [./src/hotspot/share/classfile/systemDictionary.cpp, line 231]
Event: 26.165 Thread 0x00000161b4121800 Exception <a 'java/lang/NoSuchMethodError'{0x00000000a9e472f0}: 'void java.lang.invoke.DirectMethodHandle$Holder.invokeStatic(java.lang.Object, long)'> (0x00000000a9e472f0) thrown at [./src/hotspot/share/interpreter/linkResolver.cpp, line 773]
Event: 26.168 Thread 0x00000161b4121800 Exception <a 'java/lang/NoSuchMethodError'{0x00000000a9e4c260}: 'java.lang.Object java.lang.invoke.DirectMethodHandle$Holder.invokeStatic(java.lang.Object, long)'> (0x00000000a9e4c260) thrown at [./src/hotspot/share/interpreter/linkResolver.cpp, line 773]
Event: 26.168 Thread 0x00000161b4121800 Exception <a 'java/lang/NoSuchMethodError'{0x00000000a9e4f588}: 'java.lang.Object java.lang.invoke.DirectMethodHandle$Holder.invokeSpecial(java.lang.Object, java.lang.Object, long)'> (0x00000000a9e4f588) thrown at [./src/hotspot/share/interpreter/linkResolver.cpp, line 773]
Event: 26.173 Thread 0x00000161b4121800 Exception <a 'java/lang/NoSuchMethodError'{0x00000000a9e5a388}: 'java.lang.Object java.lang.invoke.DirectMethodHandle$Holder.invokeStaticInit(java.lang.Object, java.lang.Object, long, java.lang.Object)'> (0x00000000a9e5a388) thrown at [./src/hotspot/share/interpreter/linkResolver.cpp, line 773]

Events (20 events):
Event: 26.173 loading class java/lang/ProcessImpl$2
Event: 26.174 loading class java/lang/ProcessImpl$2 done
Event: 26.174 loading class java/lang/Process$PipeInputStream
Event: 26.174 loading class java/lang/Process$PipeInputStream done
Event: 26.174 Executing VM operation: Deoptimize
Event: 26.176 Executing VM operation: Deoptimize done
Event: 26.176 loading class org/gradle/process/internal/streams/ExecOutputHandleRunner
Event: 26.176 loading class org/gradle/process/internal/streams/ExecOutputHandleRunner done
Event: 26.177 Thread 0x00000161b4122000 Thread added: 0x00000161b4122000
Event: 26.177 Thread 0x00000161b4120800 Thread added: 0x00000161b4120800
Event: 33.611 loading class org/gradle/internal/logging/events/StyledTextOutputEvent$Span
Event: 33.611 loading class org/gradle/internal/logging/events/StyledTextOutputEvent$Span done
Event: 33.611 loading class org/gradle/internal/logging/events/operations/StyledTextBuildOperationProgressDetails$Span
Event: 33.611 loading class org/gradle/internal/logging/events/operations/StyledTextBuildOperationProgressDetails$Span done
Event: 33.612 loading class org/gradle/internal/operations/logging/StyledTextBuildOperationProgressDetails$Span
Event: 33.612 loading class org/gradle/internal/operations/logging/StyledTextBuildOperationProgressDetails$Span done
Event: 33.612 Executing VM operation: RevokeBias
Event: 33.612 Executing VM operation: RevokeBias done
Event: 33.612 Executing VM operation: RevokeBias
Event: 33.612 Executing VM operation: RevokeBias done


Dynamic libraries:
0x00007ff692b50000 - 0x00007ff692b5a000 	C:\Program Files\Android\Android Studio\jre\bin\java.exe
0x00007ff97b890000 - 0x00007ff97baa4000 	C:\WINDOWS\SYSTEM32\ntdll.dll
0x00007ff97aa50000 - 0x00007ff97ab13000 	C:\WINDOWS\System32\KERNEL32.DLL
0x00007ff979300000 - 0x00007ff97969c000 	C:\WINDOWS\System32\KERNELBASE.dll
0x00007ff978eb0000 - 0x00007ff978fc1000 	C:\WINDOWS\System32\ucrtbase.dll
0x00007ff963440000 - 0x00007ff963457000 	C:\Program Files\Android\Android Studio\jre\bin\VCRUNTIME140.dll
0x00007ff961b70000 - 0x00007ff961b89000 	C:\Program Files\Android\Android Studio\jre\bin\jli.dll
0x00007ff97a360000 - 0x00007ff97a50d000 	C:\WINDOWS\System32\USER32.dll
0x00007ff94ba10000 - 0x00007ff94bc9e000 	C:\WINDOWS\WinSxS\amd64_microsoft.windows.common-controls_6595b64144ccf1df_6.0.22621.608_none_a9444ca7c10bb01d\COMCTL32.dll
0x00007ff978e10000 - 0x00007ff978e36000 	C:\WINDOWS\System32\win32u.dll
0x00007ff97a7a0000 - 0x00007ff97a7c9000 	C:\WINDOWS\System32\GDI32.dll
0x00007ff97a510000 - 0x00007ff97a5b7000 	C:\WINDOWS\System32\msvcrt.dll
0x00007ff9791e0000 - 0x00007ff9792f3000 	C:\WINDOWS\System32\gdi32full.dll
0x00007ff978fd0000 - 0x00007ff97906a000 	C:\WINDOWS\System32\msvcp_win.dll
0x00007ff97b000000 - 0x00007ff97b031000 	C:\WINDOWS\System32\IMM32.DLL
0x00007ff93dae0000 - 0x00007ff93db7d000 	C:\Program Files\Android\Android Studio\jre\bin\msvcp140.dll
0x00007ff9065b0000 - 0x00007ff9070b2000 	C:\Program Files\Android\Android Studio\jre\bin\server\jvm.dll
0x00007ff97a0e0000 - 0x00007ff97a18e000 	C:\WINDOWS\System32\ADVAPI32.dll
0x00007ff9796a0000 - 0x00007ff979744000 	C:\WINDOWS\System32\sechost.dll
0x00007ff97a5c0000 - 0x00007ff97a6d5000 	C:\WINDOWS\System32\RPCRT4.dll
0x00007ff97a2c0000 - 0x00007ff97a2c8000 	C:\WINDOWS\System32\PSAPI.DLL
0x00007ff939750000 - 0x00007ff939759000 	C:\WINDOWS\SYSTEM32\WSOCK32.dll
0x00007ff979f50000 - 0x00007ff979fc1000 	C:\WINDOWS\System32\WS2_32.dll
0x00007ff970230000 - 0x00007ff970264000 	C:\WINDOWS\SYSTEM32\WINMM.dll
0x00007ff96fbe0000 - 0x00007ff96fbea000 	C:\WINDOWS\SYSTEM32\VERSION.dll
0x00007ff977dd0000 - 0x00007ff977de8000 	C:\WINDOWS\SYSTEM32\kernel.appcore.dll
0x00007ff95e2a0000 - 0x00007ff95e2b1000 	C:\Program Files\Android\Android Studio\jre\bin\verify.dll
0x00007ff9765a0000 - 0x00007ff9767ce000 	C:\WINDOWS\SYSTEM32\DBGHELP.DLL
0x00007ff979a10000 - 0x00007ff979d99000 	C:\WINDOWS\System32\combase.dll
0x00007ff97a970000 - 0x00007ff97aa47000 	C:\WINDOWS\System32\OLEAUT32.dll
0x00007ff96a390000 - 0x00007ff96a3c2000 	C:\WINDOWS\SYSTEM32\dbgcore.DLL
0x00007ff978d90000 - 0x00007ff978e0b000 	C:\WINDOWS\System32\bcryptPrimitives.dll
0x00007ff93a3b0000 - 0x00007ff93a3d9000 	C:\Program Files\Android\Android Studio\jre\bin\java.dll
0x00007ff96a140000 - 0x00007ff96a14b000 	C:\Program Files\Android\Android Studio\jre\bin\jimage.dll
0x00007ff951360000 - 0x00007ff951378000 	C:\Program Files\Android\Android Studio\jre\bin\zip.dll
0x00007ff97b040000 - 0x00007ff97b830000 	C:\WINDOWS\System32\SHELL32.dll
0x00007ff976c90000 - 0x00007ff97755e000 	C:\WINDOWS\SYSTEM32\windows.storage.dll
0x00007ff976b50000 - 0x00007ff976c8e000 	C:\WINDOWS\SYSTEM32\wintypes.dll
0x00007ff979fd0000 - 0x00007ff97a0c1000 	C:\WINDOWS\System32\SHCORE.dll
0x00007ff97a740000 - 0x00007ff97a79e000 	C:\WINDOWS\System32\shlwapi.dll
0x00007ff978c00000 - 0x00007ff978c21000 	C:\WINDOWS\SYSTEM32\profapi.dll
0x00007ff9512e0000 - 0x00007ff9512fa000 	C:\Program Files\Android\Android Studio\jre\bin\net.dll
0x00007ff9728d0000 - 0x00007ff9729ff000 	C:\WINDOWS\SYSTEM32\WINHTTP.dll
0x00007ff978230000 - 0x00007ff978299000 	C:\WINDOWS\system32\mswsock.dll
0x00007ff9512a0000 - 0x00007ff9512b4000 	C:\Program Files\Android\Android Studio\jre\bin\nio.dll
0x00007ff93a380000 - 0x00007ff93a3a7000 	C:\Users\OneTon\.gradle\native\e1d6ef7f7dcc3fd88c89a11ec53ec762bb8ba0a96d01ffa2cd45eb1d1d8dd5c5\windows-amd64\native-platform.dll
0x00007ff916630000 - 0x00007ff916774000 	C:\Users\OneTon\.gradle\native\0d407fdbe67a94daf76414ababcb853783967236a71b16ec16e742cd7a986fd3\windows-amd64\native-platform-file-events.dll
0x00007ff969520000 - 0x00007ff96952a000 	C:\Program Files\Android\Android Studio\jre\bin\management.dll
0x00007ff969440000 - 0x00007ff96944d000 	C:\Program Files\Android\Android Studio\jre\bin\management_ext.dll
0x00007ff978550000 - 0x00007ff97856b000 	C:\WINDOWS\SYSTEM32\CRYPTSP.dll
0x00007ff977d40000 - 0x00007ff977d75000 	C:\WINDOWS\system32\rsaenh.dll
0x00007ff9782d0000 - 0x00007ff9782f8000 	C:\WINDOWS\SYSTEM32\USERENV.dll
0x00007ff9786a0000 - 0x00007ff9786c8000 	C:\WINDOWS\SYSTEM32\bcrypt.dll
0x00007ff978530000 - 0x00007ff97853c000 	C:\WINDOWS\SYSTEM32\CRYPTBASE.dll
0x00007ff977820000 - 0x00007ff97784d000 	C:\WINDOWS\SYSTEM32\IPHLPAPI.DLL
0x00007ff97a190000 - 0x00007ff97a199000 	C:\WINDOWS\System32\NSI.dll
0x00007ff970570000 - 0x00007ff970589000 	C:\WINDOWS\SYSTEM32\dhcpcsvc6.DLL
0x00007ff970550000 - 0x00007ff97056f000 	C:\WINDOWS\SYSTEM32\dhcpcsvc.DLL
0x00007ff977890000 - 0x00007ff977983000 	C:\WINDOWS\SYSTEM32\DNSAPI.dll

dbghelp: loaded successfully - version: 4.0.5 - missing functions: none
symbol engine: initialized successfully - sym options: 0x614 - pdb path: .;C:\Program Files\Android\Android Studio\jre\bin;C:\WINDOWS\SYSTEM32;C:\WINDOWS\WinSxS\amd64_microsoft.windows.common-controls_6595b64144ccf1df_6.0.22621.608_none_a9444ca7c10bb01d;C:\Program Files\Android\Android Studio\jre\bin\server;C:\Users\OneTon\.gradle\native\e1d6ef7f7dcc3fd88c89a11ec53ec762bb8ba0a96d01ffa2cd45eb1d1d8dd5c5\windows-amd64;C:\Users\OneTon\.gradle\native\0d407fdbe67a94daf76414ababcb853783967236a71b16ec16e742cd7a986fd3\windows-amd64

VM Arguments:
jvm_args: --add-opens=java.base/java.util=ALL-UNNAMED --add-opens=java.base/java.lang=ALL-UNNAMED --add-opens=java.base/java.lang.invoke=ALL-UNNAMED --add-opens=java.base/java.util=ALL-UNNAMED --add-opens=java.prefs/java.util.prefs=ALL-UNNAMED --add-opens=java.prefs/java.util.prefs=ALL-UNNAMED --add-opens=java.base/java.nio.charset=ALL-UNNAMED --add-opens=java.base/java.net=ALL-UNNAMED --add-opens=java.base/java.util.concurrent.atomic=ALL-UNNAMED -Xmx1536M -Dfile.encoding=windows-1252 -Duser.country=US -Duser.language=en -Duser.variant 
java_command: org.gradle.launcher.daemon.bootstrap.GradleDaemon 7.5
java_class_path (initial): C:\Users\OneTon\.gradle\wrapper\dists\gradle-7.5-all\6qsw290k5lz422uaf8jf6m7co\gradle-7.5\lib\gradle-launcher-7.5.jar
Launcher Type: SUN_STANDARD

[Global flags]
     intx CICompilerCount                          = 4                                         {product} {ergonomic}
     uint ConcGCThreads                            = 2                                         {product} {ergonomic}
     uint G1ConcRefinementThreads                  = 8                                         {product} {ergonomic}
   size_t G1HeapRegionSize                         = 1048576                                   {product} {ergonomic}
    uintx GCDrainStackTargetSize                   = 64                                        {product} {ergonomic}
   size_t InitialHeapSize                          = 132120576                                 {product} {ergonomic}
   size_t MarkStackSize                            = 4194304                                   {product} {ergonomic}
   size_t MaxHeapSize                              = 1610612736                                {product} {command line}
   size_t MaxNewSize                               = 965738496                                 {product} {ergonomic}
   size_t MinHeapDeltaBytes                        = 1048576                                   {product} {ergonomic}
    uintx NonNMethodCodeHeapSize                   = 5836300                                {pd product} {ergonomic}
    uintx NonProfiledCodeHeapSize                  = 122910970                              {pd product} {ergonomic}
    uintx ProfiledCodeHeapSize                     = 122910970                              {pd product} {ergonomic}
    uintx ReservedCodeCacheSize                    = 251658240                              {pd product} {ergonomic}
     bool SegmentedCodeCache                       = true                                      {product} {ergonomic}
     bool UseCompressedClassPointers               = true                                 {lp64_product} {ergonomic}
     bool UseCompressedOops                        = true                                 {lp64_product} {ergonomic}
     bool UseG1GC                                  = true                                      {product} {ergonomic}
     bool UseLargePagesIndividualAllocation        = false                                  {pd product} {ergonomic}

Logging:
Log output configuration:
 #0: stdout all=warning uptime,level,tags
 #1: stderr all=off uptime,level,tags

Environment Variables:
JAVA_HOME=C:\Program Files\Android\Android Studio\jre
CLASSPATH=D:\flutter_projects\todoon_projects\todoon\android\\gradle\wrapper\gradle-wrapper.jar
PATH=C:\Program Files (x86)\Common Files\Oracle\Java\javapath;C:\WINDOWS\system32;C:\WINDOWS;C:\WINDOWS\System32\Wbem;C:\WINDOWS\System32\WindowsPowerShell\v1.0\;C:\WINDOWS\System32\OpenSSH\;C:\Program Files\dotnet\;C:\Program Files\usbipd-win\;C:\Program Files\Git\cmd;C:\Program Files (x86)\Windows Kits\10\Windows Performance Toolkit\;C:\Users\OneTon\AppData\Local\Microsoft\WindowsApps;C:\src\flutter\bin;C:\Users\OneTon\AppData\Local\Programs\Microsoft VS Code\bin;C:\Users\OneTon\AppData\Local\GitHubDesktop\bin;C:\Users\OneTon\AppData\Local\Android\Sdk\platform-tools;C:\Program Files\Java\jre1.8.0_361\bin;;C:\src\flutter\bin\mingit\cmd
USERNAME=OneTon
OS=Windows_NT
PROCESSOR_IDENTIFIER=Intel64 Family 6 Model 140 Stepping 1, GenuineIntel



---------------  S Y S T E M  ---------------

OS: Windows 11 , 64 bit Build 22621 (10.0.22621.1344)
OS uptime: 1 days 0:52 hours
Hyper-V role detected

CPU:total 8 (initial active 8) (4 cores per cpu, 2 threads per core) family 6 model 140 stepping 1 microcode 0xa6, cmov, cx8, fxsr, mmx, sse, sse2, sse3, ssse3, sse4.1, sse4.2, popcnt, avx, avx2, aes, clmul, erms, 3dnowpref, lzcnt, ht, tsc, tscinvbit, bmi1, bmi2, adx, evex, sha, fma

Memory: 4k page, system-wide physical 7975M (204M free)
TotalPageFile size 16167M (AvailPageFile size 321M)
current process WorkingSet (physical memory assigned to process): 386M, peak: 467M
current process commit charge ("private bytes"): 471M, peak: 507M

vm_info: OpenJDK 64-Bit Server VM (11.0.13+0-b1751.21-8125866) for windows-amd64 JRE (11.0.13+0-b1751.21-8125866), built on Feb  2 2022 03:00:22 by "builder" with MS VC++ 14.0 (VS2015)

END.
